{"/home/jivie/Projects/ktor-kmongo/web/src/index.ts": {"path":"/home/jivie/Projects/ktor-kmongo/web/src/index.ts","statementMap":{"0":{"start":{"line":1,"column":0},"end":{"line":1,"column":24}},"1":{"start":{"line":2,"column":0},"end":{"line":2,"column":24}}},"fnMap":{},"branchMap":{},"s":{"0":1,"1":1},"f":{},"b":{}}
,"/home/jivie/Projects/ktor-kmongo/web/src/client/CompleteModelApi.ts": {"path":"/home/jivie/Projects/ktor-kmongo/web/src/client/CompleteModelApi.ts","statementMap":{"0":{"start":{"line":8,"column":0},"end":{"line":8,"column":22}}},"fnMap":{"0":{"name":"(anonymous_0)","decl":{"start":{"line":9,"column":4},"end":{"line":9,"column":null}},"loc":{"start":{"line":9,"column":4},"end":{"line":10,"column":5}}}},"branchMap":{},"s":{"0":1},"f":{"0":0},"b":{}}
,"/home/jivie/Projects/ktor-kmongo/web/src/client/FullReadModelApi.ts": {"path":"/home/jivie/Projects/ktor-kmongo/web/src/client/FullReadModelApi.ts","statementMap":{"0":{"start":{"line":7,"column":0},"end":{"line":7,"column":22}}},"fnMap":{"0":{"name":"(anonymous_0)","decl":{"start":{"line":8,"column":4},"end":{"line":8,"column":null}},"loc":{"start":{"line":8,"column":4},"end":{"line":9,"column":5}}}},"branchMap":{},"s":{"0":1},"f":{"0":0},"b":{}}
,"/home/jivie/Projects/ktor-kmongo/web/src/client/ObserveModelApi.ts": {"path":"/home/jivie/Projects/ktor-kmongo/web/src/client/ObserveModelApi.ts","statementMap":{"0":{"start":{"line":7,"column":0},"end":{"line":7,"column":22}}},"fnMap":{"0":{"name":"(anonymous_0)","decl":{"start":{"line":8,"column":4},"end":{"line":8,"column":null}},"loc":{"start":{"line":8,"column":4},"end":{"line":9,"column":5}}}},"branchMap":{},"s":{"0":1},"f":{"0":0},"b":{}}
,"/home/jivie/Projects/ktor-kmongo/web/src/client/ReadModelApi.ts": {"path":"/home/jivie/Projects/ktor-kmongo/web/src/client/ReadModelApi.ts","statementMap":{"0":{"start":{"line":8,"column":0},"end":{"line":8,"column":22}}},"fnMap":{"0":{"name":"(anonymous_0)","decl":{"start":{"line":9,"column":4},"end":{"line":9,"column":null}},"loc":{"start":{"line":9,"column":4},"end":{"line":10,"column":5}}}},"branchMap":{},"s":{"0":1},"f":{"0":0},"b":{}}
,"/home/jivie/Projects/ktor-kmongo/web/src/client/SignalData.ts": {"path":"/home/jivie/Projects/ktor-kmongo/web/src/client/SignalData.ts","statementMap":{"0":{"start":{"line":4,"column":0},"end":{"line":4,"column":78}},"1":{"start":{"line":8,"column":39},"end":{"line":8,"column":50}},"2":{"start":{"line":8,"column":68},"end":{"line":8,"column":84}},"3":{"start":{"line":8,"column":102},"end":{"line":8,"column":118}},"4":{"start":{"line":11,"column":54},"end":{"line":11,"column":115}},"5":{"start":{"line":7,"column":0},"end":{"line":7,"column":13}},"6":{"start":{"line":10,"column":18},"end":{"line":10,"column":null}},"7":{"start":{"line":16,"column":0},"end":{"line":16,"column":null}}},"fnMap":{"0":{"name":"(anonymous_0)","decl":{"start":{"line":8,"column":4},"end":{"line":8,"column":39}},"loc":{"start":{"line":8,"column":118},"end":{"line":9,"column":5}}},"1":{"name":"(anonymous_1)","decl":{"start":{"line":11,"column":11},"end":{"line":11,"column":17}},"loc":{"start":{"line":11,"column":50},"end":{"line":11,"column":116}}}},"branchMap":{},"s":{"0":1,"1":0,"2":0,"3":0,"4":0,"5":1,"6":1,"7":1},"f":{"0":0,"1":0},"b":{}}
,"/home/jivie/Projects/ktor-kmongo/web/src/client/WriteModelApi.ts": {"path":"/home/jivie/Projects/ktor-kmongo/web/src/client/WriteModelApi.ts","statementMap":{"0":{"start":{"line":10,"column":0},"end":{"line":10,"column":22}}},"fnMap":{"0":{"name":"(anonymous_0)","decl":{"start":{"line":11,"column":4},"end":{"line":11,"column":null}},"loc":{"start":{"line":11,"column":4},"end":{"line":12,"column":5}}}},"branchMap":{},"s":{"0":1},"f":{"0":0},"b":{}}
,"/home/jivie/Projects/ktor-kmongo/web/src/client/index.ts": {"path":"/home/jivie/Projects/ktor-kmongo/web/src/client/index.ts","statementMap":{"0":{"start":{"line":1,"column":0},"end":{"line":1,"column":30}},"1":{"start":{"line":2,"column":0},"end":{"line":2,"column":42}},"2":{"start":{"line":3,"column":0},"end":{"line":3,"column":39}},"3":{"start":{"line":4,"column":0},"end":{"line":4,"column":43}},"4":{"start":{"line":5,"column":0},"end":{"line":5,"column":40}},"5":{"start":{"line":6,"column":0},"end":{"line":6,"column":43}},"6":{"start":{"line":7,"column":0},"end":{"line":7,"column":33}},"7":{"start":{"line":8,"column":0},"end":{"line":8,"column":28}},"8":{"start":{"line":9,"column":0},"end":{"line":9,"column":30}},"9":{"start":{"line":10,"column":0},"end":{"line":10,"column":34}},"10":{"start":{"line":11,"column":0},"end":{"line":11,"column":34}},"11":{"start":{"line":12,"column":0},"end":{"line":12,"column":32}},"12":{"start":{"line":13,"column":0},"end":{"line":13,"column":42}},"13":{"start":{"line":14,"column":0},"end":{"line":14,"column":35}},"14":{"start":{"line":15,"column":0},"end":{"line":15,"column":40}},"15":{"start":{"line":16,"column":0},"end":{"line":16,"column":43}},"16":{"start":{"line":17,"column":0},"end":{"line":17,"column":43}},"17":{"start":{"line":18,"column":0},"end":{"line":18,"column":39}},"18":{"start":{"line":19,"column":0},"end":{"line":19,"column":31}}},"fnMap":{},"branchMap":{},"s":{"0":1,"1":1,"2":1,"3":1,"4":1,"5":1,"6":1,"7":1,"8":1,"9":1,"10":1,"11":1,"12":1,"13":1,"14":1,"15":1,"16":1,"17":1,"18":1},"f":{},"b":{}}
,"/home/jivie/Projects/ktor-kmongo/web/src/client/live/LiveCompleteModelApi.ts": {"path":"/home/jivie/Projects/ktor-kmongo/web/src/client/live/LiveCompleteModelApi.ts","statementMap":{"0":{"start":{"line":4,"column":0},"end":{"line":4,"column":54}},"1":{"start":{"line":8,"column":0},"end":{"line":8,"column":59}},"2":{"start":{"line":9,"column":0},"end":{"line":9,"column":53}},"3":{"start":{"line":10,"column":0},"end":{"line":10,"column":55}},"4":{"start":{"line":15,"column":8},"end":{"line":15,"column":16}},"5":{"start":{"line":14,"column":39},"end":{"line":14,"column":64}},"6":{"start":{"line":14,"column":82},"end":{"line":14,"column":109}},"7":{"start":{"line":14,"column":127},"end":{"line":14,"column":158}},"8":{"start":{"line":13,"column":0},"end":{"line":13,"column":13}},"9":{"start":{"line":20,"column":0},"end":{"line":20,"column":null}},"10":{"start":{"line":28,"column":12},"end":{"line":28,"column":268}},"11":{"start":{"line":25,"column":22},"end":{"line":25,"column":49}},"12":{"start":{"line":22,"column":17},"end":{"line":30,"column":null}}},"fnMap":{"0":{"name":"(anonymous_0)","decl":{"start":{"line":14,"column":4},"end":{"line":14,"column":39}},"loc":{"start":{"line":14,"column":158},"end":{"line":16,"column":5}}},"1":{"name":"(anonymous_1)","decl":{"start":{"line":20,"column":0},"end":{"line":20,"column":17}},"loc":{"start":{"line":20,"column":37},"end":{"line":31,"column":1}}},"2":{"name":"(anonymous_2)","decl":{"start":{"line":23,"column":8},"end":{"line":23,"column":null}},"loc":{"start":{"line":23,"column":8},"end":{"line":24,"column":9}}},"3":{"name":"(anonymous_3)","decl":{"start":{"line":27,"column":15},"end":{"line":27,"column":21}},"loc":{"start":{"line":27,"column":131},"end":{"line":29,"column":9}}}},"branchMap":{"0":{"loc":{"start":{"line":20,"column":17},"end":{"line":20,"column":null}},"type":"binary-expr","locations":[{"start":{"line":20,"column":17},"end":{"line":20,"column":37}},{"start":{"line":20,"column":17},"end":{"line":20,"column":null}}]}},"s":{"0":1,"1":1,"2":1,"3":1,"4":0,"5":0,"6":0,"7":0,"8":1,"9":1,"10":0,"11":1,"12":1},"f":{"0":0,"1":1,"2":1,"3":0},"b":{"0":[1,0]}}
,"/home/jivie/Projects/ktor-kmongo/web/src/client/live/LiveFullReadModelApi.ts": {"path":"/home/jivie/Projects/ktor-kmongo/web/src/client/live/LiveFullReadModelApi.ts","statementMap":{"0":{"start":{"line":4,"column":0},"end":{"line":4,"column":54}},"1":{"start":{"line":6,"column":0},"end":{"line":6,"column":59}},"2":{"start":{"line":7,"column":0},"end":{"line":7,"column":53}},"3":{"start":{"line":12,"column":8},"end":{"line":12,"column":16}},"4":{"start":{"line":11,"column":39},"end":{"line":11,"column":68}},"5":{"start":{"line":11,"column":86},"end":{"line":11,"column":117}},"6":{"start":{"line":10,"column":0},"end":{"line":10,"column":13}},"7":{"start":{"line":17,"column":0},"end":{"line":17,"column":null}},"8":{"start":{"line":25,"column":12},"end":{"line":25,"column":206}},"9":{"start":{"line":22,"column":22},"end":{"line":22,"column":49}},"10":{"start":{"line":19,"column":17},"end":{"line":27,"column":null}}},"fnMap":{"0":{"name":"(anonymous_0)","decl":{"start":{"line":11,"column":4},"end":{"line":11,"column":39}},"loc":{"start":{"line":11,"column":117},"end":{"line":13,"column":5}}},"1":{"name":"(anonymous_1)","decl":{"start":{"line":17,"column":0},"end":{"line":17,"column":17}},"loc":{"start":{"line":17,"column":37},"end":{"line":28,"column":1}}},"2":{"name":"(anonymous_2)","decl":{"start":{"line":20,"column":8},"end":{"line":20,"column":null}},"loc":{"start":{"line":20,"column":8},"end":{"line":21,"column":9}}},"3":{"name":"(anonymous_3)","decl":{"start":{"line":24,"column":15},"end":{"line":24,"column":21}},"loc":{"start":{"line":24,"column":131},"end":{"line":26,"column":9}}}},"branchMap":{"0":{"loc":{"start":{"line":17,"column":17},"end":{"line":17,"column":null}},"type":"binary-expr","locations":[{"start":{"line":17,"column":17},"end":{"line":17,"column":37}},{"start":{"line":17,"column":17},"end":{"line":17,"column":null}}]}},"s":{"0":1,"1":1,"2":1,"3":0,"4":0,"5":0,"6":1,"7":1,"8":0,"9":1,"10":1},"f":{"0":0,"1":1,"2":1,"3":0},"b":{"0":[1,0]}}
,"/home/jivie/Projects/ktor-kmongo/web/src/client/live/LiveObserveModelApi.ts": {"path":"/home/jivie/Projects/ktor-kmongo/web/src/client/live/LiveObserveModelApi.ts","statementMap":{"0":{"start":{"line":4,"column":0},"end":{"line":4,"column":52}},"1":{"start":{"line":5,"column":0},"end":{"line":5,"column":42}},"2":{"start":{"line":6,"column":0},"end":{"line":6,"column":58}},"3":{"start":{"line":7,"column":0},"end":{"line":7,"column":52}},"4":{"start":{"line":8,"column":0},"end":{"line":8,"column":66}},"5":{"start":{"line":9,"column":0},"end":{"line":9,"column":157}},"6":{"start":{"line":11,"column":0},"end":{"line":11,"column":82}},"7":{"start":{"line":16,"column":8},"end":{"line":16,"column":16}},"8":{"start":{"line":15,"column":39},"end":{"line":15,"column":102}},"9":{"start":{"line":17,"column":8},"end":{"line":17,"column":90}},"10":{"start":{"line":27,"column":8},"end":{"line":29,"column":53}},"11":{"start":{"line":27,"column":132},"end":{"line":29,"column":51}},"12":{"start":{"line":28,"column":12},"end":{"line":28,"column":43}},"13":{"start":{"line":14,"column":0},"end":{"line":14,"column":13}},"14":{"start":{"line":32,"column":0},"end":{"line":32,"column":null}},"15":{"start":{"line":40,"column":12},"end":{"line":43,"column":131}},"16":{"start":{"line":40,"column":101},"end":{"line":43,"column":130}},"17":{"start":{"line":41,"column":16},"end":{"line":41,"column":31}},"18":{"start":{"line":42,"column":16},"end":{"line":42,"column":35}},"19":{"start":{"line":43,"column":121},"end":{"line":43,"column":127}},"20":{"start":{"line":37,"column":22},"end":{"line":37,"column":49}},"21":{"start":{"line":34,"column":17},"end":{"line":45,"column":null}},"22":{"start":{"line":50,"column":23},"end":{"line":50,"column":38}},"23":{"start":{"line":51,"column":4},"end":{"line":69,"column":8}},"24":{"start":{"line":52,"column":21},"end":{"line":52,"column":33}},"25":{"start":{"line":53,"column":8},"end":{"line":55,"column":null}},"26":{"start":{"line":54,"column":12},"end":{"line":54,"column":33}},"27":{"start":{"line":54,"column":34},"end":{"line":54,"column":81}},"28":{"start":{"line":56,"column":22},"end":{"line":56,"column":29}},"29":{"start":{"line":57,"column":8},"end":{"line":67,"column":null}},"30":{"start":{"line":58,"column":12},"end":{"line":58,"column":82}},"31":{"start":{"line":58,"column":56},"end":{"line":58,"column":80}},"32":{"start":{"line":59,"column":24},"end":{"line":59,"column":96}},"33":{"start":{"line":59,"column":68},"end":{"line":59,"column":95}},"34":{"start":{"line":60,"column":12},"end":{"line":60,"column":null}},"35":{"start":{"line":60,"column":34},"end":{"line":60,"column":60}},"36":{"start":{"line":61,"column":12},"end":{"line":61,"column":46}},"37":{"start":{"line":63,"column":26},"end":{"line":63,"column":32}},"38":{"start":{"line":64,"column":12},"end":{"line":66,"column":null}},"39":{"start":{"line":65,"column":16},"end":{"line":65,"column":86}},"40":{"start":{"line":65,"column":60},"end":{"line":65,"column":84}},"41":{"start":{"line":68,"column":8},"end":{"line":68,"column":25}},"42":{"start":{"line":49,"column":0},"end":{"line":49,"column":16}}},"fnMap":{"0":{"name":"(anonymous_0)","decl":{"start":{"line":15,"column":4},"end":{"line":15,"column":39}},"loc":{"start":{"line":15,"column":102},"end":{"line":18,"column":5}}},"1":{"name":"(anonymous_1)","decl":{"start":{"line":25,"column":11},"end":{"line":25,"column":18}},"loc":{"start":{"line":25,"column":38},"end":{"line":30,"column":5}}},"2":{"name":"(anonymous_2)","decl":{"start":{"line":27,"column":100},"end":{"line":27,"column":129}},"loc":{"start":{"line":27,"column":132},"end":{"line":29,"column":51}}},"3":{"name":"(anonymous_3)","decl":{"start":{"line":27,"column":169},"end":{"line":27,"column":178}},"loc":{"start":{"line":27,"column":180},"end":{"line":29,"column":9}}},"4":{"name":"(anonymous_4)","decl":{"start":{"line":32,"column":0},"end":{"line":32,"column":17}},"loc":{"start":{"line":32,"column":36},"end":{"line":46,"column":1}}},"5":{"name":"(anonymous_5)","decl":{"start":{"line":35,"column":8},"end":{"line":35,"column":null}},"loc":{"start":{"line":35,"column":8},"end":{"line":36,"column":9}}},"6":{"name":"(anonymous_6)","decl":{"start":{"line":39,"column":15},"end":{"line":39,"column":21}},"loc":{"start":{"line":39,"column":111},"end":{"line":44,"column":9}}},"7":{"name":"(anonymous_7)","decl":{"start":{"line":40,"column":50},"end":{"line":40,"column":51}},"loc":{"start":{"line":40,"column":100},"end":{"line":43,"column":130}}},"8":{"name":"(anonymous_8)","decl":{"start":{"line":40,"column":295},"end":{"line":40,"column":296}},"loc":{"start":{"line":40,"column":380},"end":{"line":43,"column":13}}},"9":{"name":"(anonymous_9)","decl":{"start":{"line":43,"column":71},"end":{"line":43,"column":72}},"loc":{"start":{"line":43,"column":121},"end":{"line":43,"column":127}}},"10":{"name":"xObservableToListObservable","decl":{"start":{"line":49,"column":16},"end":{"line":49,"column":43}},"loc":{"start":{"line":49,"column":118},"end":{"line":70,"column":1}}},"11":{"name":"(anonymous_11)","decl":{"start":{"line":51,"column":26},"end":{"line":51,"column":27}},"loc":{"start":{"line":51,"column":58},"end":{"line":69,"column":5}}},"12":{"name":"(anonymous_12)","decl":{"start":{"line":58,"column":37},"end":{"line":58,"column":38}},"loc":{"start":{"line":58,"column":56},"end":{"line":58,"column":80}}},"13":{"name":"(anonymous_13)","decl":{"start":{"line":59,"column":44},"end":{"line":59,"column":45}},"loc":{"start":{"line":59,"column":68},"end":{"line":59,"column":95}}},"14":{"name":"(anonymous_14)","decl":{"start":{"line":65,"column":41},"end":{"line":65,"column":42}},"loc":{"start":{"line":65,"column":60},"end":{"line":65,"column":84}}}},"branchMap":{"0":{"loc":{"start":{"line":43,"column":17},"end":{"line":43,"column":128}},"type":"cond-expr","locations":[{"start":{"line":43,"column":50},"end":{"line":43,"column":54}},{"start":{"line":43,"column":54},"end":{"line":43,"column":128}}]},"1":{"loc":{"start":{"line":43,"column":17},"end":{"line":43,"column":54}},"type":"binary-expr","locations":[{"start":{"line":43,"column":17},"end":{"line":43,"column":54}},{"start":{"line":43,"column":50},"end":{"line":43,"column":54}}]},"2":{"loc":{"start":{"line":32,"column":17},"end":{"line":32,"column":null}},"type":"binary-expr","locations":[{"start":{"line":32,"column":17},"end":{"line":32,"column":36}},{"start":{"line":32,"column":17},"end":{"line":32,"column":null}}]},"3":{"loc":{"start":{"line":53,"column":8},"end":{"line":55,"column":null}},"type":"if","locations":[{"start":{"line":53,"column":8},"end":{"line":55,"column":null}}]},"4":{"loc":{"start":{"line":57,"column":8},"end":{"line":67,"column":null}},"type":"if","locations":[{"start":{"line":57,"column":8},"end":{"line":67,"column":null}},{"start":{"line":62,"column":15},"end":{"line":67,"column":null}}]},"5":{"loc":{"start":{"line":60,"column":12},"end":{"line":60,"column":null}},"type":"if","locations":[{"start":{"line":60,"column":12},"end":{"line":60,"column":null}}]},"6":{"loc":{"start":{"line":64,"column":12},"end":{"line":66,"column":null}},"type":"if","locations":[{"start":{"line":64,"column":12},"end":{"line":66,"column":null}}]}},"s":{"0":1,"1":1,"2":1,"3":1,"4":1,"5":1,"6":1,"7":0,"8":0,"9":0,"10":0,"11":0,"12":0,"13":1,"14":1,"15":0,"16":0,"17":0,"18":0,"19":0,"20":1,"21":1,"22":0,"23":0,"24":0,"25":0,"26":0,"27":0,"28":0,"29":0,"30":0,"31":0,"32":0,"33":0,"34":0,"35":0,"36":0,"37":0,"38":0,"39":0,"40":0,"41":0,"42":1},"f":{"0":0,"1":0,"2":0,"3":0,"4":1,"5":1,"6":0,"7":0,"8":0,"9":0,"10":0,"11":0,"12":0,"13":0,"14":0},"b":{"0":[0,0],"1":[0,0],"2":[1,0],"3":[0],"4":[0,0],"5":[0],"6":[0]}}
,"/home/jivie/Projects/ktor-kmongo/web/src/client/live/LiveReadModelApi.ts": {"path":"/home/jivie/Projects/ktor-kmongo/web/src/client/live/LiveReadModelApi.ts","statementMap":{"0":{"start":{"line":6,"column":0},"end":{"line":6,"column":46}},"1":{"start":{"line":8,"column":0},"end":{"line":8,"column":94}},"2":{"start":{"line":14,"column":8},"end":{"line":14,"column":16}},"3":{"start":{"line":13,"column":39},"end":{"line":13,"column":50}},"4":{"start":{"line":13,"column":68},"end":{"line":13,"column":81}},"5":{"start":{"line":13,"column":99},"end":{"line":13,"column":122}},"6":{"start":{"line":19,"column":8},"end":{"line":19,"column":250}},"7":{"start":{"line":24,"column":8},"end":{"line":24,"column":222}},"8":{"start":{"line":12,"column":0},"end":{"line":12,"column":13}}},"fnMap":{"0":{"name":"(anonymous_0)","decl":{"start":{"line":13,"column":4},"end":{"line":13,"column":39}},"loc":{"start":{"line":13,"column":122},"end":{"line":15,"column":5}}},"1":{"name":"(anonymous_1)","decl":{"start":{"line":18,"column":11},"end":{"line":18,"column":15}},"loc":{"start":{"line":18,"column":35},"end":{"line":20,"column":5}}},"2":{"name":"(anonymous_2)","decl":{"start":{"line":23,"column":11},"end":{"line":23,"column":14}},"loc":{"start":{"line":23,"column":33},"end":{"line":25,"column":5}}}},"branchMap":{},"s":{"0":1,"1":1,"2":0,"3":0,"4":0,"5":0,"6":0,"7":0,"8":1},"f":{"0":0,"1":0,"2":0},"b":{}}
,"/home/jivie/Projects/ktor-kmongo/web/src/client/live/LiveWriteModelApi.ts": {"path":"/home/jivie/Projects/ktor-kmongo/web/src/client/live/LiveWriteModelApi.ts","statementMap":{"0":{"start":{"line":8,"column":0},"end":{"line":8,"column":48}},"1":{"start":{"line":10,"column":0},"end":{"line":10,"column":94}},"2":{"start":{"line":11,"column":0},"end":{"line":11,"column":44}},"3":{"start":{"line":16,"column":8},"end":{"line":16,"column":16}},"4":{"start":{"line":15,"column":39},"end":{"line":15,"column":50}},"5":{"start":{"line":15,"column":68},"end":{"line":15,"column":81}},"6":{"start":{"line":15,"column":99},"end":{"line":15,"column":122}},"7":{"start":{"line":21,"column":8},"end":{"line":21,"column":223}},"8":{"start":{"line":25,"column":8},"end":{"line":25,"column":250}},"9":{"start":{"line":29,"column":8},"end":{"line":29,"column":240}},"10":{"start":{"line":33,"column":8},"end":{"line":33,"column":249}},"11":{"start":{"line":37,"column":8},"end":{"line":37,"column":242}},"12":{"start":{"line":41,"column":8},"end":{"line":41,"column":257}},"13":{"start":{"line":45,"column":8},"end":{"line":45,"column":238}},"14":{"start":{"line":45,"column":206},"end":{"line":45,"column":235}},"15":{"start":{"line":45,"column":225},"end":{"line":45,"column":234}},"16":{"start":{"line":49,"column":8},"end":{"line":49,"column":252}},"17":{"start":{"line":49,"column":220},"end":{"line":49,"column":249}},"18":{"start":{"line":49,"column":239},"end":{"line":49,"column":248}},"19":{"start":{"line":14,"column":0},"end":{"line":14,"column":13}}},"fnMap":{"0":{"name":"(anonymous_0)","decl":{"start":{"line":15,"column":4},"end":{"line":15,"column":39}},"loc":{"start":{"line":15,"column":122},"end":{"line":17,"column":5}}},"1":{"name":"(anonymous_1)","decl":{"start":{"line":20,"column":11},"end":{"line":20,"column":15}},"loc":{"start":{"line":20,"column":28},"end":{"line":22,"column":5}}},"2":{"name":"(anonymous_2)","decl":{"start":{"line":24,"column":11},"end":{"line":24,"column":19}},"loc":{"start":{"line":24,"column":40},"end":{"line":26,"column":5}}},"3":{"name":"(anonymous_3)","decl":{"start":{"line":28,"column":11},"end":{"line":28,"column":14}},"loc":{"start":{"line":28,"column":27},"end":{"line":30,"column":5}}},"4":{"name":"(anonymous_4)","decl":{"start":{"line":32,"column":11},"end":{"line":32,"column":18}},"loc":{"start":{"line":32,"column":39},"end":{"line":34,"column":5}}},"5":{"name":"(anonymous_5)","decl":{"start":{"line":36,"column":11},"end":{"line":36,"column":16}},"loc":{"start":{"line":36,"column":70},"end":{"line":38,"column":5}}},"6":{"name":"(anonymous_6)","decl":{"start":{"line":40,"column":11},"end":{"line":40,"column":20}},"loc":{"start":{"line":40,"column":58},"end":{"line":42,"column":5}}},"7":{"name":"(anonymous_7)","decl":{"start":{"line":44,"column":11},"end":{"line":44,"column":18}},"loc":{"start":{"line":44,"column":37},"end":{"line":46,"column":5}}},"8":{"name":"(anonymous_8)","decl":{"start":{"line":45,"column":201},"end":{"line":45,"column":202}},"loc":{"start":{"line":45,"column":206},"end":{"line":45,"column":235}}},"9":{"name":"(anonymous_9)","decl":{"start":{"line":45,"column":220},"end":{"line":45,"column":221}},"loc":{"start":{"line":45,"column":225},"end":{"line":45,"column":234}}},"10":{"name":"(anonymous_10)","decl":{"start":{"line":48,"column":11},"end":{"line":48,"column":21}},"loc":{"start":{"line":48,"column":49},"end":{"line":50,"column":5}}},"11":{"name":"(anonymous_11)","decl":{"start":{"line":49,"column":215},"end":{"line":49,"column":216}},"loc":{"start":{"line":49,"column":220},"end":{"line":49,"column":249}}},"12":{"name":"(anonymous_12)","decl":{"start":{"line":49,"column":234},"end":{"line":49,"column":235}},"loc":{"start":{"line":49,"column":239},"end":{"line":49,"column":248}}}},"branchMap":{},"s":{"0":1,"1":1,"2":1,"3":0,"4":0,"5":0,"6":0,"7":0,"8":0,"9":0,"10":0,"11":0,"12":0,"13":0,"14":0,"15":0,"16":0,"17":0,"18":0,"19":1},"f":{"0":0,"1":0,"2":0,"3":0,"4":0,"5":0,"6":0,"7":0,"8":0,"9":0,"10":0,"11":0,"12":0},"b":{}}
,"/home/jivie/Projects/ktor-kmongo/web/src/client/live/sockets.ts": {"path":"/home/jivie/Projects/ktor-kmongo/web/src/client/live/sockets.ts","statementMap":{"0":{"start":{"line":3,"column":0},"end":{"line":3,"column":64}},"1":{"start":{"line":4,"column":0},"end":{"line":4,"column":118}},"2":{"start":{"line":5,"column":0},"end":{"line":5,"column":107}},"3":{"start":{"line":6,"column":0},"end":{"line":6,"column":82}},"4":{"start":{"line":7,"column":0},"end":{"line":7,"column":114}},"5":{"start":{"line":8,"column":0},"end":{"line":8,"column":41}},"6":{"start":{"line":11,"column":11},"end":{"line":11,"column":106}},"7":{"start":{"line":12,"column":110},"end":{"line":12,"column":145}},"8":{"start":{"line":12,"column":0},"end":{"line":12,"column":16}},"9":{"start":{"line":13,"column":115},"end":{"line":13,"column":151}},"10":{"start":{"line":13,"column":0},"end":{"line":13,"column":16}},"11":{"start":{"line":14,"column":26},"end":{"line":14,"column":75}},"12":{"start":{"line":17,"column":4},"end":{"line":38,"column":7}},"13":{"start":{"line":18,"column":25},"end":{"line":18,"column":68}},"14":{"start":{"line":20,"column":8},"end":{"line":37,"column":52}},"15":{"start":{"line":20,"column":64},"end":{"line":20,"column":70}},"16":{"start":{"line":24,"column":65},"end":{"line":27,"column":84}},"17":{"start":{"line":26,"column":16},"end":{"line":26,"column":65}},"18":{"start":{"line":27,"column":77},"end":{"line":27,"column":82}},"19":{"start":{"line":29,"column":72},"end":{"line":29,"column":179}},"20":{"start":{"line":29,"column":172},"end":{"line":29,"column":177}},"21":{"start":{"line":31,"column":12},"end":{"line":31,"column":68}},"22":{"start":{"line":33,"column":12},"end":{"line":33,"column":67}},"23":{"start":{"line":34,"column":70},"end":{"line":34,"column":90}},"24":{"start":{"line":36,"column":12},"end":{"line":36,"column":42}},"25":{"start":{"line":16,"column":0},"end":{"line":16,"column":16}},"26":{"start":{"line":43,"column":39},"end":{"line":43,"column":67}},"27":{"start":{"line":43,"column":85},"end":{"line":43,"column":112}},"28":{"start":{"line":42,"column":0},"end":{"line":42,"column":13}},"29":{"start":{"line":48,"column":39},"end":{"line":48,"column":63}},"30":{"start":{"line":48,"column":81},"end":{"line":48,"column":105}},"31":{"start":{"line":47,"column":0},"end":{"line":47,"column":13}},"32":{"start":{"line":54,"column":4},"end":{"line":54,"column":67}},"33":{"start":{"line":53,"column":0},"end":{"line":53,"column":16}},"34":{"start":{"line":59,"column":21},"end":{"line":59,"column":64}},"35":{"start":{"line":60,"column":20},"end":{"line":60,"column":34}},"36":{"start":{"line":61,"column":50},"end":{"line":61,"column":54}},"37":{"start":{"line":62,"column":4},"end":{"line":87,"column":8}},"38":{"start":{"line":64,"column":8},"end":{"line":64,"column":24}},"39":{"start":{"line":65,"column":8},"end":{"line":65,"column":127}},"40":{"start":{"line":66,"column":21},"end":{"line":75,"column":10}},"41":{"start":{"line":67,"column":37},"end":{"line":67,"column":44}},"42":{"start":{"line":68,"column":24},"end":{"line":68,"column":null}},"43":{"start":{"line":68,"column":44},"end":{"line":68,"column":57}},"44":{"start":{"line":69,"column":24},"end":{"line":69,"column":null}},"45":{"start":{"line":69,"column":43},"end":{"line":69,"column":56}},"46":{"start":{"line":70,"column":65},"end":{"line":70,"column":102}},"47":{"start":{"line":71,"column":24},"end":{"line":71,"column":null}},"48":{"start":{"line":71,"column":47},"end":{"line":71,"column":60}},"49":{"start":{"line":72,"column":24},"end":{"line":72,"column":null}},"50":{"start":{"line":74,"column":16},"end":{"line":74,"column":143}},"51":{"start":{"line":76,"column":26},"end":{"line":78,"column":10}},"52":{"start":{"line":76,"column":105},"end":{"line":76,"column":128}},"53":{"start":{"line":76,"column":168},"end":{"line":76,"column":212}},"54":{"start":{"line":77,"column":12},"end":{"line":77,"column":41}},"55":{"start":{"line":79,"column":8},"end":{"line":79,"column":27}},"56":{"start":{"line":80,"column":8},"end":{"line":80,"column":25}},"57":{"start":{"line":83,"column":24},"end":{"line":83,"column":49}},"58":{"start":{"line":84,"column":8},"end":{"line":86,"column":10}},"59":{"start":{"line":85,"column":12},"end":{"line":85,"column":null}},"60":{"start":{"line":58,"column":0},"end":{"line":58,"column":16}}},"fnMap":{"0":{"name":"get_overrideWebSocketProvider","decl":{"start":{"line":12,"column":16},"end":{"line":12,"column":45}},"loc":{"start":{"line":12,"column":45},"end":{"line":12,"column":147}}},"1":{"name":"set_overrideWebSocketProvider","decl":{"start":{"line":13,"column":16},"end":{"line":13,"column":45}},"loc":{"start":{"line":13,"column":111},"end":{"line":13,"column":153}}},"2":{"name":"sharedSocket","decl":{"start":{"line":16,"column":16},"end":{"line":16,"column":28}},"loc":{"start":{"line":16,"column":40},"end":{"line":39,"column":1}}},"3":{"name":"(anonymous_3)","decl":{"start":{"line":17,"column":95},"end":{"line":17,"column":130}},"loc":{"start":{"line":17,"column":132},"end":{"line":38,"column":5}}},"4":{"name":"(anonymous_4)","decl":{"start":{"line":20,"column":59},"end":{"line":20,"column":60}},"loc":{"start":{"line":20,"column":64},"end":{"line":20,"column":70}}},"5":{"name":"(anonymous_5)","decl":{"start":{"line":20,"column":126},"end":{"line":20,"column":127}},"loc":{"start":{"line":20,"column":185},"end":{"line":32,"column":9}}},"6":{"name":"(anonymous_6)","decl":{"start":{"line":24,"column":89},"end":{"line":24,"column":90}},"loc":{"start":{"line":24,"column":110},"end":{"line":27,"column":13}}},"7":{"name":"(anonymous_7)","decl":{"start":{"line":27,"column":31},"end":{"line":27,"column":32}},"loc":{"start":{"line":27,"column":77},"end":{"line":27,"column":82}}},"8":{"name":"(anonymous_8)","decl":{"start":{"line":29,"column":116},"end":{"line":29,"column":117}},"loc":{"start":{"line":29,"column":172},"end":{"line":29,"column":177}}},"9":{"name":"(anonymous_9)","decl":{"start":{"line":32,"column":32},"end":{"line":32,"column":33}},"loc":{"start":{"line":32,"column":50},"end":{"line":34,"column":9}}},"10":{"name":"(anonymous_10)","decl":{"start":{"line":34,"column":28},"end":{"line":34,"column":29}},"loc":{"start":{"line":34,"column":70},"end":{"line":34,"column":90}}},"11":{"name":"(anonymous_11)","decl":{"start":{"line":34,"column":107},"end":{"line":34,"column":116}},"loc":{"start":{"line":34,"column":118},"end":{"line":37,"column":9}}},"12":{"name":"(anonymous_12)","decl":{"start":{"line":43,"column":4},"end":{"line":43,"column":39}},"loc":{"start":{"line":43,"column":112},"end":{"line":44,"column":5}}},"13":{"name":"(anonymous_13)","decl":{"start":{"line":48,"column":4},"end":{"line":48,"column":39}},"loc":{"start":{"line":48,"column":105},"end":{"line":49,"column":5}}},"14":{"name":"multiplexedSocketReified","decl":{"start":{"line":53,"column":16},"end":{"line":53,"column":40}},"loc":{"start":{"line":53,"column":221},"end":{"line":55,"column":1}}},"15":{"name":"(anonymous_15)","decl":{"start":{"line":53,"column":182},"end":{"line":53,"column":183}},"loc":{"start":{"line":53,"column":218},"end":{"line":53,"column":221}}},"16":{"name":"multiplexedSocket","decl":{"start":{"line":58,"column":16},"end":{"line":58,"column":33}},"loc":{"start":{"line":58,"column":224},"end":{"line":88,"column":1}}},"17":{"name":"(anonymous_17)","decl":{"start":{"line":58,"column":185},"end":{"line":58,"column":186}},"loc":{"start":{"line":58,"column":221},"end":{"line":58,"column":224}}},"18":{"name":"(anonymous_18)","decl":{"start":{"line":62,"column":38},"end":{"line":62,"column":39}},"loc":{"start":{"line":62,"column":88},"end":{"line":81,"column":5}}},"19":{"name":"(anonymous_19)","decl":{"start":{"line":66,"column":68},"end":{"line":66,"column":69}},"loc":{"start":{"line":66,"column":108},"end":{"line":73,"column":13}}},"20":{"name":"(anonymous_20)","decl":{"start":{"line":73,"column":36},"end":{"line":73,"column":37}},"loc":{"start":{"line":73,"column":62},"end":{"line":75,"column":9}}},"21":{"name":"(anonymous_21)","decl":{"start":{"line":76,"column":76},"end":{"line":76,"column":77}},"loc":{"start":{"line":76,"column":105},"end":{"line":76,"column":128}}},"22":{"name":"(anonymous_22)","decl":{"start":{"line":76,"column":159},"end":{"line":76,"column":164}},"loc":{"start":{"line":76,"column":168},"end":{"line":76,"column":212}}},"23":{"name":"(anonymous_23)","decl":{"start":{"line":76,"column":216},"end":{"line":76,"column":217}},"loc":{"start":{"line":76,"column":233},"end":{"line":78,"column":9}}},"24":{"name":"(anonymous_24)","decl":{"start":{"line":81,"column":22},"end":{"line":81,"column":31}},"loc":{"start":{"line":81,"column":33},"end":{"line":87,"column":5}}}},"branchMap":{"0":{"loc":{"start":{"line":20,"column":16},"end":{"line":20,"column":109}},"type":"cond-expr","locations":[{"start":{"line":20,"column":71},"end":{"line":20,"column":75}},{"start":{"line":20,"column":75},"end":{"line":20,"column":109}}]},"1":{"loc":{"start":{"line":20,"column":16},"end":{"line":20,"column":75}},"type":"binary-expr","locations":[{"start":{"line":20,"column":16},"end":{"line":20,"column":75}},{"start":{"line":20,"column":71},"end":{"line":20,"column":75}}]},"2":{"loc":{"start":{"line":53,"column":134},"end":{"line":53,"column":221}},"type":"default-arg","locations":[{"start":{"line":53,"column":182},"end":{"line":53,"column":221}}]},"3":{"loc":{"start":{"line":58,"column":137},"end":{"line":58,"column":224}},"type":"default-arg","locations":[{"start":{"line":58,"column":185},"end":{"line":58,"column":224}}]},"4":{"loc":{"start":{"line":68,"column":24},"end":{"line":68,"column":null}},"type":"if","locations":[{"start":{"line":68,"column":24},"end":{"line":68,"column":null}}]},"5":{"loc":{"start":{"line":69,"column":24},"end":{"line":69,"column":null}},"type":"if","locations":[{"start":{"line":69,"column":24},"end":{"line":69,"column":null}}]},"6":{"loc":{"start":{"line":71,"column":24},"end":{"line":71,"column":null}},"type":"if","locations":[{"start":{"line":71,"column":24},"end":{"line":71,"column":null}}]},"7":{"loc":{"start":{"line":72,"column":31},"end":{"line":72,"column":80}},"type":"cond-expr","locations":[{"start":{"line":72,"column":61},"end":{"line":72,"column":73}},{"start":{"line":72,"column":76},"end":{"line":72,"column":80}}]},"8":{"loc":{"start":{"line":83,"column":24},"end":{"line":83,"column":49}},"type":"cond-expr","locations":[{"start":{"line":83,"column":41},"end":{"line":83,"column":45}},{"start":{"line":83,"column":45},"end":{"line":83,"column":49}}]},"9":{"loc":{"start":{"line":83,"column":24},"end":{"line":83,"column":45}},"type":"binary-expr","locations":[{"start":{"line":83,"column":24},"end":{"line":83,"column":45}},{"start":{"line":83,"column":41},"end":{"line":83,"column":45}}]},"10":{"loc":{"start":{"line":83,"column":24},"end":{"line":83,"column":41}},"type":"cond-expr","locations":[{"start":{"line":83,"column":34},"end":{"line":83,"column":36}},{"start":{"line":83,"column":24},"end":{"line":83,"column":41}}]},"11":{"loc":{"start":{"line":83,"column":24},"end":{"line":83,"column":36}},"type":"binary-expr","locations":[{"start":{"line":83,"column":24},"end":{"line":83,"column":36}},{"start":{"line":83,"column":24},"end":{"line":83,"column":36}}]},"12":{"loc":{"start":{"line":84,"column":8},"end":{"line":86,"column":10}},"type":"if","locations":[{"start":{"line":84,"column":8},"end":{"line":86,"column":10}}]}},"s":{"0":1,"1":1,"2":1,"3":1,"4":1,"5":1,"6":1,"7":0,"8":1,"9":0,"10":1,"11":1,"12":0,"13":0,"14":0,"15":0,"16":0,"17":0,"18":0,"19":0,"20":0,"21":0,"22":0,"23":0,"24":0,"25":1,"26":0,"27":0,"28":1,"29":0,"30":0,"31":1,"32":0,"33":1,"34":0,"35":0,"36":0,"37":0,"38":0,"39":0,"40":0,"41":0,"42":0,"43":0,"44":0,"45":0,"46":0,"47":0,"48":0,"49":0,"50":0,"51":0,"52":0,"53":0,"54":0,"55":0,"56":0,"57":0,"58":0,"59":0,"60":1},"f":{"0":0,"1":0,"2":0,"3":0,"4":0,"5":0,"6":0,"7":0,"8":0,"9":0,"10":0,"11":0,"12":0,"13":0,"14":0,"15":0,"16":0,"17":0,"18":0,"19":0,"20":0,"21":0,"22":0,"23":0,"24":0},"b":{"0":[0,0],"1":[0,0],"2":[0],"3":[0],"4":[0],"5":[0],"6":[0],"7":[0,0],"8":[0,0],"9":[0,0],"10":[0,0],"11":[0,0],"12":[0]}}
,"/home/jivie/Projects/ktor-kmongo/web/src/client/mock/ItemNotFound.ts": {"path":"/home/jivie/Projects/ktor-kmongo/web/src/client/mock/ItemNotFound.ts","statementMap":{"0":{"start":{"line":3,"column":0},"end":{"line":3,"column":60}},"1":{"start":{"line":8,"column":8},"end":{"line":8,"column":23}},"2":{"start":{"line":6,"column":0},"end":{"line":6,"column":13}}},"fnMap":{"0":{"name":"(anonymous_0)","decl":{"start":{"line":7,"column":4},"end":{"line":7,"column":23}},"loc":{"start":{"line":7,"column":38},"end":{"line":9,"column":5}}}},"branchMap":{},"s":{"0":1,"1":0,"2":1},"f":{"0":0},"b":{}}
,"/home/jivie/Projects/ktor-kmongo/web/src/client/mock/MockCompleteModelApi.ts": {"path":"/home/jivie/Projects/ktor-kmongo/web/src/client/mock/MockCompleteModelApi.ts","statementMap":{"0":{"start":{"line":4,"column":0},"end":{"line":4,"column":54}},"1":{"start":{"line":8,"column":0},"end":{"line":8,"column":59}},"2":{"start":{"line":9,"column":0},"end":{"line":9,"column":53}},"3":{"start":{"line":11,"column":0},"end":{"line":11,"column":55}},"4":{"start":{"line":16,"column":8},"end":{"line":16,"column":16}},"5":{"start":{"line":15,"column":39},"end":{"line":15,"column":62}},"6":{"start":{"line":17,"column":8},"end":{"line":17,"column":60}},"7":{"start":{"line":18,"column":8},"end":{"line":18,"column":62}},"8":{"start":{"line":19,"column":8},"end":{"line":19,"column":66}},"9":{"start":{"line":14,"column":0},"end":{"line":14,"column":13}}},"fnMap":{"0":{"name":"(anonymous_0)","decl":{"start":{"line":15,"column":4},"end":{"line":15,"column":39}},"loc":{"start":{"line":15,"column":62},"end":{"line":20,"column":5}}}},"branchMap":{},"s":{"0":1,"1":1,"2":1,"3":1,"4":0,"5":0,"6":0,"7":0,"8":0,"9":1},"f":{"0":0},"b":{}}
,"/home/jivie/Projects/ktor-kmongo/web/src/client/mock/MockFullReadModelApi.ts": {"path":"/home/jivie/Projects/ktor-kmongo/web/src/client/mock/MockFullReadModelApi.ts","statementMap":{"0":{"start":{"line":4,"column":0},"end":{"line":4,"column":54}},"1":{"start":{"line":7,"column":0},"end":{"line":7,"column":59}},"2":{"start":{"line":8,"column":0},"end":{"line":8,"column":53}},"3":{"start":{"line":14,"column":8},"end":{"line":14,"column":16}},"4":{"start":{"line":13,"column":39},"end":{"line":13,"column":62}},"5":{"start":{"line":15,"column":8},"end":{"line":15,"column":60}},"6":{"start":{"line":16,"column":8},"end":{"line":16,"column":66}},"7":{"start":{"line":12,"column":0},"end":{"line":12,"column":13}}},"fnMap":{"0":{"name":"(anonymous_0)","decl":{"start":{"line":13,"column":4},"end":{"line":13,"column":39}},"loc":{"start":{"line":13,"column":62},"end":{"line":17,"column":5}}}},"branchMap":{},"s":{"0":1,"1":1,"2":1,"3":0,"4":0,"5":0,"6":0,"7":1},"f":{"0":0},"b":{}}
,"/home/jivie/Projects/ktor-kmongo/web/src/client/mock/MockObserveModelApi.ts": {"path":"/home/jivie/Projects/ktor-kmongo/web/src/client/mock/MockObserveModelApi.ts","statementMap":{"0":{"start":{"line":5,"column":0},"end":{"line":5,"column":52}},"1":{"start":{"line":7,"column":0},"end":{"line":7,"column":45}},"2":{"start":{"line":12,"column":8},"end":{"line":12,"column":16}},"3":{"start":{"line":11,"column":39},"end":{"line":11,"column":62}},"4":{"start":{"line":16,"column":8},"end":{"line":16,"column":147}},"5":{"start":{"line":16,"column":78},"end":{"line":16,"column":106}},"6":{"start":{"line":10,"column":0},"end":{"line":10,"column":13}}},"fnMap":{"0":{"name":"(anonymous_0)","decl":{"start":{"line":11,"column":4},"end":{"line":11,"column":39}},"loc":{"start":{"line":11,"column":62},"end":{"line":13,"column":5}}},"1":{"name":"(anonymous_1)","decl":{"start":{"line":15,"column":11},"end":{"line":15,"column":18}},"loc":{"start":{"line":15,"column":38},"end":{"line":17,"column":5}}},"2":{"name":"(anonymous_2)","decl":{"start":{"line":16,"column":52},"end":{"line":16,"column":53}},"loc":{"start":{"line":16,"column":78},"end":{"line":16,"column":106}}}},"branchMap":{},"s":{"0":1,"1":1,"2":0,"3":0,"4":0,"5":0,"6":1},"f":{"0":0,"1":0,"2":0},"b":{}}
,"/home/jivie/Projects/ktor-kmongo/web/src/client/mock/MockReadModelApi.ts": {"path":"/home/jivie/Projects/ktor-kmongo/web/src/client/mock/MockReadModelApi.ts","statementMap":{"0":{"start":{"line":5,"column":0},"end":{"line":5,"column":58}},"1":{"start":{"line":7,"column":0},"end":{"line":7,"column":46}},"2":{"start":{"line":8,"column":0},"end":{"line":8,"column":45}},"3":{"start":{"line":10,"column":0},"end":{"line":10,"column":72}},"4":{"start":{"line":11,"column":0},"end":{"line":11,"column":49}},"5":{"start":{"line":16,"column":8},"end":{"line":16,"column":16}},"6":{"start":{"line":15,"column":39},"end":{"line":15,"column":62}},"7":{"start":{"line":21,"column":8},"end":{"line":22,"column":252}},"8":{"start":{"line":22,"column":55},"end":{"line":22,"column":83}},"9":{"start":{"line":22,"column":202},"end":{"line":22,"column":208}},"10":{"start":{"line":26,"column":8},"end":{"line":30,"column":82}},"11":{"start":{"line":27,"column":26},"end":{"line":27,"column":48}},"12":{"start":{"line":28,"column":12},"end":{"line":28,"column":null}},"13":{"start":{"line":28,"column":33},"end":{"line":28,"column":46}},"14":{"start":{"line":29,"column":12},"end":{"line":29,"column":null}},"15":{"start":{"line":29,"column":54},"end":{"line":29,"column":60}},"16":{"start":{"line":14,"column":0},"end":{"line":14,"column":13}}},"fnMap":{"0":{"name":"(anonymous_0)","decl":{"start":{"line":15,"column":4},"end":{"line":15,"column":39}},"loc":{"start":{"line":15,"column":62},"end":{"line":17,"column":5}}},"1":{"name":"(anonymous_1)","decl":{"start":{"line":20,"column":11},"end":{"line":20,"column":15}},"loc":{"start":{"line":20,"column":35},"end":{"line":23,"column":5}}},"2":{"name":"(anonymous_2)","decl":{"start":{"line":22,"column":29},"end":{"line":22,"column":30}},"loc":{"start":{"line":22,"column":55},"end":{"line":22,"column":83}}},"3":{"name":"(anonymous_3)","decl":{"start":{"line":22,"column":152},"end":{"line":22,"column":153}},"loc":{"start":{"line":22,"column":202},"end":{"line":22,"column":208}}},"4":{"name":"(anonymous_4)","decl":{"start":{"line":25,"column":11},"end":{"line":25,"column":14}},"loc":{"start":{"line":25,"column":33},"end":{"line":31,"column":5}}},"5":{"name":"(anonymous_5)","decl":{"start":{"line":26,"column":16},"end":{"line":26,"column":47}},"loc":{"start":{"line":26,"column":49},"end":{"line":30,"column":9}}},"6":{"name":"(anonymous_6)","decl":{"start":{"line":29,"column":20},"end":{"line":29,"column":21}},"loc":{"start":{"line":29,"column":54},"end":{"line":29,"column":60}}}},"branchMap":{"0":{"loc":{"start":{"line":22,"column":98},"end":{"line":22,"column":209}},"type":"cond-expr","locations":[{"start":{"line":22,"column":131},"end":{"line":22,"column":135}},{"start":{"line":22,"column":135},"end":{"line":22,"column":209}}]},"1":{"loc":{"start":{"line":22,"column":98},"end":{"line":22,"column":135}},"type":"binary-expr","locations":[{"start":{"line":22,"column":98},"end":{"line":22,"column":135}},{"start":{"line":22,"column":131},"end":{"line":22,"column":135}}]},"2":{"loc":{"start":{"line":26,"column":15},"end":{"line":30,"column":81}},"type":"cond-expr","locations":[{"start":{"line":30,"column":12},"end":{"line":30,"column":16}},{"start":{"line":30,"column":16},"end":{"line":30,"column":81}}]},"3":{"loc":{"start":{"line":26,"column":15},"end":{"line":30,"column":16}},"type":"binary-expr","locations":[{"start":{"line":26,"column":15},"end":{"line":30,"column":16}},{"start":{"line":30,"column":12},"end":{"line":30,"column":16}}]},"4":{"loc":{"start":{"line":28,"column":12},"end":{"line":28,"column":null}},"type":"if","locations":[{"start":{"line":28,"column":12},"end":{"line":28,"column":null}}]}},"s":{"0":1,"1":1,"2":1,"3":1,"4":1,"5":0,"6":0,"7":0,"8":0,"9":0,"10":0,"11":0,"12":0,"13":0,"14":0,"15":0,"16":1},"f":{"0":0,"1":0,"2":0,"3":0,"4":0,"5":0,"6":0},"b":{"0":[0,0],"1":[0,0],"2":[0,0],"3":[0,0],"4":[0]}}
,"/home/jivie/Projects/ktor-kmongo/web/src/client/mock/MockTable.ts": {"path":"/home/jivie/Projects/ktor-kmongo/web/src/client/mock/MockTable.ts","statementMap":{"0":{"start":{"line":6,"column":0},"end":{"line":6,"column":42}},"1":{"start":{"line":7,"column":0},"end":{"line":7,"column":78}},"2":{"start":{"line":8,"column":0},"end":{"line":8,"column":57}},"3":{"start":{"line":9,"column":0},"end":{"line":9,"column":42}},"4":{"start":{"line":10,"column":0},"end":{"line":10,"column":36}},"5":{"start":{"line":15,"column":8},"end":{"line":15,"column":45}},"6":{"start":{"line":16,"column":8},"end":{"line":16,"column":37}},"7":{"start":{"line":24,"column":8},"end":{"line":24,"column":172}},"8":{"start":{"line":24,"column":78},"end":{"line":24,"column":169}},"9":{"start":{"line":24,"column":138},"end":{"line":24,"column":158}},"10":{"start":{"line":28,"column":8},"end":{"line":28,"column":43}},"11":{"start":{"line":32,"column":8},"end":{"line":32,"column":43}},"12":{"start":{"line":36,"column":8},"end":{"line":36,"column":38}},"13":{"start":{"line":37,"column":8},"end":{"line":37,"column":68}},"14":{"start":{"line":38,"column":8},"end":{"line":38,"column":20}},"15":{"start":{"line":42,"column":8},"end":{"line":42,"column":38}},"16":{"start":{"line":43,"column":8},"end":{"line":43,"column":69}},"17":{"start":{"line":44,"column":8},"end":{"line":44,"column":20}},"18":{"start":{"line":48,"column":8},"end":{"line":48,"column":38}},"19":{"start":{"line":52,"column":25},"end":{"line":52,"column":50}},"20":{"start":{"line":53,"column":8},"end":{"line":56,"column":null}},"21":{"start":{"line":54,"column":12},"end":{"line":54,"column":33}},"22":{"start":{"line":55,"column":12},"end":{"line":55,"column":75}},"23":{"start":{"line":13,"column":0},"end":{"line":13,"column":13}}},"fnMap":{"0":{"name":"(anonymous_0)","decl":{"start":{"line":14,"column":4},"end":{"line":14,"column":null}},"loc":{"start":{"line":14,"column":4},"end":{"line":17,"column":5}}},"1":{"name":"(anonymous_1)","decl":{"start":{"line":23,"column":11},"end":{"line":23,"column":18}},"loc":{"start":{"line":23,"column":46},"end":{"line":25,"column":5}}},"2":{"name":"(anonymous_2)","decl":{"start":{"line":24,"column":37},"end":{"line":24,"column":38}},"loc":{"start":{"line":24,"column":78},"end":{"line":24,"column":169}}},"3":{"name":"(anonymous_3)","decl":{"start":{"line":24,"column":114},"end":{"line":24,"column":115}},"loc":{"start":{"line":24,"column":138},"end":{"line":24,"column":158}}},"4":{"name":"(anonymous_4)","decl":{"start":{"line":27,"column":11},"end":{"line":27,"column":18}},"loc":{"start":{"line":27,"column":37},"end":{"line":29,"column":5}}},"5":{"name":"(anonymous_5)","decl":{"start":{"line":31,"column":11},"end":{"line":31,"column":17}},"loc":{"start":{"line":31,"column":17},"end":{"line":33,"column":5}}},"6":{"name":"(anonymous_6)","decl":{"start":{"line":35,"column":11},"end":{"line":35,"column":18}},"loc":{"start":{"line":35,"column":30},"end":{"line":39,"column":5}}},"7":{"name":"(anonymous_7)","decl":{"start":{"line":41,"column":11},"end":{"line":41,"column":22}},"loc":{"start":{"line":41,"column":34},"end":{"line":45,"column":5}}},"8":{"name":"(anonymous_8)","decl":{"start":{"line":47,"column":11},"end":{"line":47,"column":21}},"loc":{"start":{"line":47,"column":33},"end":{"line":49,"column":5}}},"9":{"name":"(anonymous_9)","decl":{"start":{"line":51,"column":11},"end":{"line":51,"column":25}},"loc":{"start":{"line":51,"column":44},"end":{"line":57,"column":5}}}},"branchMap":{"0":{"loc":{"start":{"line":28,"column":16},"end":{"line":28,"column":41}},"type":"cond-expr","locations":[{"start":{"line":28,"column":33},"end":{"line":28,"column":37}},{"start":{"line":28,"column":37},"end":{"line":28,"column":41}}]},"1":{"loc":{"start":{"line":28,"column":16},"end":{"line":28,"column":37}},"type":"binary-expr","locations":[{"start":{"line":28,"column":16},"end":{"line":28,"column":37}},{"start":{"line":28,"column":33},"end":{"line":28,"column":37}}]},"2":{"loc":{"start":{"line":52,"column":25},"end":{"line":52,"column":50}},"type":"cond-expr","locations":[{"start":{"line":52,"column":42},"end":{"line":52,"column":46}},{"start":{"line":52,"column":46},"end":{"line":52,"column":50}}]},"3":{"loc":{"start":{"line":52,"column":25},"end":{"line":52,"column":46}},"type":"binary-expr","locations":[{"start":{"line":52,"column":25},"end":{"line":52,"column":46}},{"start":{"line":52,"column":42},"end":{"line":52,"column":46}}]},"4":{"loc":{"start":{"line":53,"column":8},"end":{"line":56,"column":null}},"type":"if","locations":[{"start":{"line":53,"column":8},"end":{"line":56,"column":null}}]}},"s":{"0":1,"1":1,"2":1,"3":1,"4":1,"5":0,"6":0,"7":0,"8":0,"9":0,"10":0,"11":0,"12":0,"13":0,"14":0,"15":0,"16":0,"17":0,"18":0,"19":0,"20":0,"21":0,"22":0,"23":1},"f":{"0":0,"1":0,"2":0,"3":0,"4":0,"5":0,"6":0,"7":0,"8":0,"9":0},"b":{"0":[0,0],"1":[0,0],"2":[0,0],"3":[0,0],"4":[0]}}
,"/home/jivie/Projects/ktor-kmongo/web/src/client/mock/MockWriteModelApi.ts": {"path":"/home/jivie/Projects/ktor-kmongo/web/src/client/mock/MockWriteModelApi.ts","statementMap":{"0":{"start":{"line":8,"column":0},"end":{"line":8,"column":48}},"1":{"start":{"line":9,"column":0},"end":{"line":9,"column":45}},"2":{"start":{"line":12,"column":0},"end":{"line":12,"column":49}},"3":{"start":{"line":17,"column":8},"end":{"line":17,"column":16}},"4":{"start":{"line":16,"column":39},"end":{"line":16,"column":62}},"5":{"start":{"line":22,"column":8},"end":{"line":22,"column":45}},"6":{"start":{"line":26,"column":8},"end":{"line":26,"column":76}},"7":{"start":{"line":26,"column":51},"end":{"line":26,"column":73}},"8":{"start":{"line":30,"column":8},"end":{"line":30,"column":49}},"9":{"start":{"line":34,"column":8},"end":{"line":34,"column":80}},"10":{"start":{"line":34,"column":51},"end":{"line":34,"column":77}},"11":{"start":{"line":38,"column":8},"end":{"line":46,"column":82}},"12":{"start":{"line":39,"column":27},"end":{"line":39,"column":58}},"13":{"start":{"line":40,"column":12},"end":{"line":40,"column":null}},"14":{"start":{"line":40,"column":33},"end":{"line":40,"column":46}},"15":{"start":{"line":41,"column":12},"end":{"line":45,"column":null}},"16":{"start":{"line":42,"column":33},"end":{"line":42,"column":58}},"17":{"start":{"line":43,"column":16},"end":{"line":43,"column":49}},"18":{"start":{"line":44,"column":16},"end":{"line":44,"column":36}},"19":{"start":{"line":50,"column":8},"end":{"line":51,"column":177}},"20":{"start":{"line":51,"column":53},"end":{"line":51,"column":86}},"21":{"start":{"line":51,"column":114},"end":{"line":51,"column":174}},"22":{"start":{"line":55,"column":8},"end":{"line":55,"column":49}},"23":{"start":{"line":59,"column":8},"end":{"line":62,"column":12}},"24":{"start":{"line":60,"column":57},"end":{"line":60,"column":77}},"25":{"start":{"line":61,"column":16},"end":{"line":61,"column":42}},"26":{"start":{"line":15,"column":0},"end":{"line":15,"column":13}}},"fnMap":{"0":{"name":"(anonymous_0)","decl":{"start":{"line":16,"column":4},"end":{"line":16,"column":39}},"loc":{"start":{"line":16,"column":62},"end":{"line":18,"column":5}}},"1":{"name":"(anonymous_1)","decl":{"start":{"line":21,"column":11},"end":{"line":21,"column":15}},"loc":{"start":{"line":21,"column":28},"end":{"line":23,"column":5}}},"2":{"name":"(anonymous_2)","decl":{"start":{"line":25,"column":11},"end":{"line":25,"column":19}},"loc":{"start":{"line":25,"column":40},"end":{"line":27,"column":5}}},"3":{"name":"(anonymous_3)","decl":{"start":{"line":26,"column":29},"end":{"line":26,"column":30}},"loc":{"start":{"line":26,"column":51},"end":{"line":26,"column":73}}},"4":{"name":"(anonymous_4)","decl":{"start":{"line":29,"column":11},"end":{"line":29,"column":14}},"loc":{"start":{"line":29,"column":27},"end":{"line":31,"column":5}}},"5":{"name":"(anonymous_5)","decl":{"start":{"line":33,"column":11},"end":{"line":33,"column":18}},"loc":{"start":{"line":33,"column":39},"end":{"line":35,"column":5}}},"6":{"name":"(anonymous_6)","decl":{"start":{"line":34,"column":29},"end":{"line":34,"column":30}},"loc":{"start":{"line":34,"column":51},"end":{"line":34,"column":77}}},"7":{"name":"(anonymous_7)","decl":{"start":{"line":37,"column":11},"end":{"line":37,"column":16}},"loc":{"start":{"line":37,"column":70},"end":{"line":47,"column":5}}},"8":{"name":"(anonymous_8)","decl":{"start":{"line":38,"column":16},"end":{"line":38,"column":47}},"loc":{"start":{"line":38,"column":49},"end":{"line":46,"column":9}}},"9":{"name":"(anonymous_9)","decl":{"start":{"line":41,"column":20},"end":{"line":41,"column":21}},"loc":{"start":{"line":41,"column":55},"end":{"line":45,"column":13}}},"10":{"name":"(anonymous_10)","decl":{"start":{"line":49,"column":11},"end":{"line":49,"column":20}},"loc":{"start":{"line":49,"column":58},"end":{"line":52,"column":5}}},"11":{"name":"(anonymous_11)","decl":{"start":{"line":51,"column":29},"end":{"line":51,"column":30}},"loc":{"start":{"line":51,"column":53},"end":{"line":51,"column":86}}},"12":{"name":"(anonymous_12)","decl":{"start":{"line":51,"column":92},"end":{"line":51,"column":93}},"loc":{"start":{"line":51,"column":114},"end":{"line":51,"column":174}}},"13":{"name":"(anonymous_13)","decl":{"start":{"line":54,"column":11},"end":{"line":54,"column":18}},"loc":{"start":{"line":54,"column":37},"end":{"line":56,"column":5}}},"14":{"name":"(anonymous_14)","decl":{"start":{"line":58,"column":11},"end":{"line":58,"column":21}},"loc":{"start":{"line":58,"column":49},"end":{"line":63,"column":5}}},"15":{"name":"(anonymous_15)","decl":{"start":{"line":60,"column":33},"end":{"line":60,"column":34}},"loc":{"start":{"line":60,"column":57},"end":{"line":60,"column":77}}},"16":{"name":"(anonymous_16)","decl":{"start":{"line":60,"column":87},"end":{"line":60,"column":88}},"loc":{"start":{"line":60,"column":107},"end":{"line":62,"column":9}}}},"branchMap":{"0":{"loc":{"start":{"line":38,"column":15},"end":{"line":46,"column":81}},"type":"cond-expr","locations":[{"start":{"line":46,"column":12},"end":{"line":46,"column":16}},{"start":{"line":46,"column":16},"end":{"line":46,"column":81}}]},"1":{"loc":{"start":{"line":38,"column":15},"end":{"line":46,"column":16}},"type":"binary-expr","locations":[{"start":{"line":38,"column":15},"end":{"line":46,"column":16}},{"start":{"line":46,"column":12},"end":{"line":46,"column":16}}]},"2":{"loc":{"start":{"line":39,"column":27},"end":{"line":39,"column":58}},"type":"cond-expr","locations":[{"start":{"line":39,"column":50},"end":{"line":39,"column":54}},{"start":{"line":39,"column":54},"end":{"line":39,"column":58}}]},"3":{"loc":{"start":{"line":39,"column":27},"end":{"line":39,"column":54}},"type":"binary-expr","locations":[{"start":{"line":39,"column":27},"end":{"line":39,"column":54}},{"start":{"line":39,"column":50},"end":{"line":39,"column":54}}]},"4":{"loc":{"start":{"line":40,"column":12},"end":{"line":40,"column":null}},"type":"if","locations":[{"start":{"line":40,"column":12},"end":{"line":40,"column":null}}]}},"s":{"0":1,"1":1,"2":1,"3":0,"4":0,"5":0,"6":0,"7":0,"8":0,"9":0,"10":0,"11":0,"12":0,"13":0,"14":0,"15":0,"16":0,"17":0,"18":0,"19":0,"20":0,"21":0,"22":0,"23":0,"24":0,"25":0,"26":1},"f":{"0":0,"1":0,"2":0,"3":0,"4":0,"5":0,"6":0,"7":0,"8":0,"9":0,"10":0,"11":0,"12":0,"13":0,"14":0,"15":0,"16":0},"b":{"0":[0,0],"1":[0,0],"2":[0,0],"3":[0,0],"4":[0]}}
,"/home/jivie/Projects/ktor-kmongo/web/src/shared/Condition.ts": {"path":"/home/jivie/Projects/ktor-kmongo/web/src/shared/Condition.ts","statementMap":{"0":{"start":{"line":3,"column":0},"end":{"line":3,"column":63}},"1":{"start":{"line":4,"column":0},"end":{"line":4,"column":113}},"2":{"start":{"line":11,"column":32},"end":{"line":11,"column":48}},"3":{"start":{"line":12,"column":50},"end":{"line":12,"column":66}},"4":{"start":{"line":14,"column":36},"end":{"line":14,"column":52}},"5":{"start":{"line":17,"column":8},"end":{"line":17,"column":51}},"6":{"start":{"line":20,"column":8},"end":{"line":20,"column":50}},"7":{"start":{"line":23,"column":8},"end":{"line":23,"column":42}},"8":{"start":{"line":7,"column":0},"end":{"line":7,"column":13}},"9":{"start":{"line":76,"column":0},"end":{"line":76,"column":null}},"10":{"start":{"line":80,"column":12},"end":{"line":80,"column":20}},"11":{"start":{"line":84,"column":12},"end":{"line":84,"column":25}},"12":{"start":{"line":87,"column":12},"end":{"line":87,"column":21}},"13":{"start":{"line":90,"column":12},"end":{"line":90,"column":87}},"14":{"start":{"line":78,"column":17},"end":{"line":92,"column":null}},"15":{"start":{"line":94,"column":0},"end":{"line":94,"column":null}},"16":{"start":{"line":98,"column":12},"end":{"line":98,"column":20}},"17":{"start":{"line":102,"column":12},"end":{"line":102,"column":24}},"18":{"start":{"line":105,"column":12},"end":{"line":105,"column":21}},"19":{"start":{"line":108,"column":12},"end":{"line":108,"column":89}},"20":{"start":{"line":96,"column":17},"end":{"line":110,"column":null}},"21":{"start":{"line":112,"column":0},"end":{"line":112,"column":null}},"22":{"start":{"line":116,"column":12},"end":{"line":116,"column":20}},"23":{"start":{"line":115,"column":43},"end":{"line":115,"column":74}},"24":{"start":{"line":119,"column":54},"end":{"line":119,"column":99}},"25":{"start":{"line":124,"column":12},"end":{"line":124,"column":87}},"26":{"start":{"line":124,"column":72},"end":{"line":124,"column":85}},"27":{"start":{"line":118,"column":22},"end":{"line":118,"column":null}},"28":{"start":{"line":114,"column":17},"end":{"line":125,"column":null}},"29":{"start":{"line":126,"column":4},"end":{"line":126,"column":null}},"30":{"start":{"line":128,"column":0},"end":{"line":128,"column":null}},"31":{"start":{"line":132,"column":12},"end":{"line":132,"column":20}},"32":{"start":{"line":131,"column":43},"end":{"line":131,"column":74}},"33":{"start":{"line":135,"column":54},"end":{"line":135,"column":99}},"34":{"start":{"line":140,"column":12},"end":{"line":140,"column":86}},"35":{"start":{"line":140,"column":71},"end":{"line":140,"column":84}},"36":{"start":{"line":134,"column":22},"end":{"line":134,"column":null}},"37":{"start":{"line":130,"column":17},"end":{"line":141,"column":null}},"38":{"start":{"line":142,"column":4},"end":{"line":142,"column":null}},"39":{"start":{"line":144,"column":0},"end":{"line":144,"column":null}},"40":{"start":{"line":148,"column":12},"end":{"line":148,"column":20}},"41":{"start":{"line":147,"column":43},"end":{"line":147,"column":66}},"42":{"start":{"line":151,"column":54},"end":{"line":151,"column":89}},"43":{"start":{"line":156,"column":12},"end":{"line":156,"column":48}},"44":{"start":{"line":150,"column":22},"end":{"line":150,"column":null}},"45":{"start":{"line":146,"column":17},"end":{"line":157,"column":null}},"46":{"start":{"line":158,"column":4},"end":{"line":158,"column":null}},"47":{"start":{"line":160,"column":0},"end":{"line":160,"column":null}},"48":{"start":{"line":164,"column":12},"end":{"line":164,"column":20}},"49":{"start":{"line":163,"column":43},"end":{"line":163,"column":51}},"50":{"start":{"line":167,"column":54},"end":{"line":167,"column":72}},"51":{"start":{"line":172,"column":12},"end":{"line":172,"column":42}},"52":{"start":{"line":166,"column":22},"end":{"line":166,"column":null}},"53":{"start":{"line":162,"column":17},"end":{"line":173,"column":null}},"54":{"start":{"line":174,"column":4},"end":{"line":174,"column":null}},"55":{"start":{"line":176,"column":0},"end":{"line":176,"column":null}},"56":{"start":{"line":180,"column":12},"end":{"line":180,"column":20}},"57":{"start":{"line":179,"column":43},"end":{"line":179,"column":51}},"58":{"start":{"line":183,"column":54},"end":{"line":183,"column":72}},"59":{"start":{"line":188,"column":12},"end":{"line":188,"column":43}},"60":{"start":{"line":182,"column":22},"end":{"line":182,"column":null}},"61":{"start":{"line":178,"column":17},"end":{"line":189,"column":null}},"62":{"start":{"line":190,"column":4},"end":{"line":190,"column":null}},"63":{"start":{"line":192,"column":0},"end":{"line":192,"column":null}},"64":{"start":{"line":196,"column":12},"end":{"line":196,"column":20}},"65":{"start":{"line":195,"column":43},"end":{"line":195,"column":59}},"66":{"start":{"line":199,"column":54},"end":{"line":199,"column":82}},"67":{"start":{"line":204,"column":12},"end":{"line":204,"column":58}},"68":{"start":{"line":204,"column":43},"end":{"line":204,"column":56}},"69":{"start":{"line":198,"column":22},"end":{"line":198,"column":null}},"70":{"start":{"line":194,"column":17},"end":{"line":205,"column":null}},"71":{"start":{"line":206,"column":4},"end":{"line":206,"column":null}},"72":{"start":{"line":208,"column":0},"end":{"line":208,"column":null}},"73":{"start":{"line":212,"column":12},"end":{"line":212,"column":20}},"74":{"start":{"line":211,"column":43},"end":{"line":211,"column":59}},"75":{"start":{"line":215,"column":54},"end":{"line":215,"column":82}},"76":{"start":{"line":220,"column":12},"end":{"line":220,"column":61}},"77":{"start":{"line":220,"column":45},"end":{"line":220,"column":58}},"78":{"start":{"line":214,"column":22},"end":{"line":214,"column":null}},"79":{"start":{"line":210,"column":17},"end":{"line":221,"column":null}},"80":{"start":{"line":222,"column":4},"end":{"line":222,"column":null}},"81":{"start":{"line":224,"column":0},"end":{"line":224,"column":null}},"82":{"start":{"line":228,"column":12},"end":{"line":228,"column":20}},"83":{"start":{"line":227,"column":43},"end":{"line":227,"column":51}},"84":{"start":{"line":231,"column":54},"end":{"line":231,"column":72}},"85":{"start":{"line":236,"column":12},"end":{"line":236,"column":51}},"86":{"start":{"line":230,"column":22},"end":{"line":230,"column":null}},"87":{"start":{"line":226,"column":17},"end":{"line":237,"column":null}},"88":{"start":{"line":238,"column":4},"end":{"line":238,"column":null}},"89":{"start":{"line":240,"column":0},"end":{"line":240,"column":null}},"90":{"start":{"line":244,"column":12},"end":{"line":244,"column":20}},"91":{"start":{"line":243,"column":43},"end":{"line":243,"column":51}},"92":{"start":{"line":247,"column":54},"end":{"line":247,"column":72}},"93":{"start":{"line":252,"column":12},"end":{"line":252,"column":51}},"94":{"start":{"line":246,"column":22},"end":{"line":246,"column":null}},"95":{"start":{"line":242,"column":17},"end":{"line":253,"column":null}},"96":{"start":{"line":254,"column":4},"end":{"line":254,"column":null}},"97":{"start":{"line":256,"column":0},"end":{"line":256,"column":null}},"98":{"start":{"line":260,"column":12},"end":{"line":260,"column":20}},"99":{"start":{"line":259,"column":43},"end":{"line":259,"column":51}},"100":{"start":{"line":263,"column":54},"end":{"line":263,"column":72}},"101":{"start":{"line":268,"column":12},"end":{"line":268,"column":52}},"102":{"start":{"line":262,"column":22},"end":{"line":262,"column":null}},"103":{"start":{"line":258,"column":17},"end":{"line":269,"column":null}},"104":{"start":{"line":270,"column":4},"end":{"line":270,"column":null}},"105":{"start":{"line":272,"column":0},"end":{"line":272,"column":null}},"106":{"start":{"line":276,"column":12},"end":{"line":276,"column":20}},"107":{"start":{"line":275,"column":43},"end":{"line":275,"column":51}},"108":{"start":{"line":279,"column":54},"end":{"line":279,"column":72}},"109":{"start":{"line":284,"column":12},"end":{"line":284,"column":52}},"110":{"start":{"line":278,"column":22},"end":{"line":278,"column":null}},"111":{"start":{"line":274,"column":17},"end":{"line":285,"column":null}},"112":{"start":{"line":286,"column":4},"end":{"line":286,"column":null}},"113":{"start":{"line":288,"column":0},"end":{"line":288,"column":null}},"114":{"start":{"line":292,"column":12},"end":{"line":292,"column":20}},"115":{"start":{"line":291,"column":43},"end":{"line":291,"column":56}},"116":{"start":{"line":291,"column":74},"end":{"line":291,"column":93}},"117":{"start":{"line":295,"column":40},"end":{"line":295,"column":88}},"118":{"start":{"line":300,"column":12},"end":{"line":300,"column":78}},"119":{"start":{"line":294,"column":22},"end":{"line":294,"column":null}},"120":{"start":{"line":290,"column":17},"end":{"line":301,"column":null}},"121":{"start":{"line":302,"column":4},"end":{"line":302,"column":null}},"122":{"start":{"line":304,"column":0},"end":{"line":304,"column":null}},"123":{"start":{"line":308,"column":12},"end":{"line":308,"column":20}},"124":{"start":{"line":307,"column":43},"end":{"line":307,"column":55}},"125":{"start":{"line":311,"column":40},"end":{"line":311,"column":64}},"126":{"start":{"line":316,"column":12},"end":{"line":316,"column":42}},"127":{"start":{"line":310,"column":22},"end":{"line":310,"column":null}},"128":{"start":{"line":306,"column":17},"end":{"line":317,"column":null}},"129":{"start":{"line":318,"column":4},"end":{"line":318,"column":null}},"130":{"start":{"line":320,"column":0},"end":{"line":320,"column":null}},"131":{"start":{"line":324,"column":12},"end":{"line":324,"column":20}},"132":{"start":{"line":323,"column":43},"end":{"line":323,"column":55}},"133":{"start":{"line":327,"column":40},"end":{"line":327,"column":64}},"134":{"start":{"line":332,"column":12},"end":{"line":332,"column":50}},"135":{"start":{"line":326,"column":22},"end":{"line":326,"column":null}},"136":{"start":{"line":322,"column":17},"end":{"line":333,"column":null}},"137":{"start":{"line":334,"column":4},"end":{"line":334,"column":null}},"138":{"start":{"line":336,"column":0},"end":{"line":336,"column":null}},"139":{"start":{"line":340,"column":12},"end":{"line":340,"column":20}},"140":{"start":{"line":339,"column":43},"end":{"line":339,"column":55}},"141":{"start":{"line":343,"column":40},"end":{"line":343,"column":64}},"142":{"start":{"line":348,"column":12},"end":{"line":348,"column":48}},"143":{"start":{"line":342,"column":22},"end":{"line":342,"column":null}},"144":{"start":{"line":338,"column":17},"end":{"line":349,"column":null}},"145":{"start":{"line":350,"column":4},"end":{"line":350,"column":null}},"146":{"start":{"line":352,"column":0},"end":{"line":352,"column":null}},"147":{"start":{"line":356,"column":12},"end":{"line":356,"column":20}},"148":{"start":{"line":355,"column":43},"end":{"line":355,"column":55}},"149":{"start":{"line":359,"column":40},"end":{"line":359,"column":64}},"150":{"start":{"line":364,"column":12},"end":{"line":364,"column":40}},"151":{"start":{"line":358,"column":22},"end":{"line":358,"column":null}},"152":{"start":{"line":354,"column":17},"end":{"line":365,"column":null}},"153":{"start":{"line":366,"column":4},"end":{"line":366,"column":null}},"154":{"start":{"line":368,"column":0},"end":{"line":368,"column":null}},"155":{"start":{"line":372,"column":12},"end":{"line":372,"column":20}},"156":{"start":{"line":371,"column":43},"end":{"line":371,"column":66}},"157":{"start":{"line":375,"column":54},"end":{"line":375,"column":89}},"158":{"start":{"line":380,"column":12},"end":{"line":380,"column":75}},"159":{"start":{"line":380,"column":48},"end":{"line":380,"column":73}},"160":{"start":{"line":374,"column":22},"end":{"line":374,"column":null}},"161":{"start":{"line":370,"column":17},"end":{"line":381,"column":null}},"162":{"start":{"line":382,"column":4},"end":{"line":382,"column":null}},"163":{"start":{"line":384,"column":0},"end":{"line":384,"column":null}},"164":{"start":{"line":388,"column":12},"end":{"line":388,"column":20}},"165":{"start":{"line":387,"column":43},"end":{"line":387,"column":66}},"166":{"start":{"line":391,"column":54},"end":{"line":391,"column":89}},"167":{"start":{"line":396,"column":12},"end":{"line":396,"column":74}},"168":{"start":{"line":396,"column":47},"end":{"line":396,"column":72}},"169":{"start":{"line":390,"column":22},"end":{"line":390,"column":null}},"170":{"start":{"line":386,"column":17},"end":{"line":397,"column":null}},"171":{"start":{"line":398,"column":4},"end":{"line":398,"column":null}},"172":{"start":{"line":400,"column":0},"end":{"line":400,"column":null}},"173":{"start":{"line":404,"column":12},"end":{"line":404,"column":20}},"174":{"start":{"line":403,"column":43},"end":{"line":403,"column":56}},"175":{"start":{"line":407,"column":54},"end":{"line":407,"column":79}},"176":{"start":{"line":412,"column":12},"end":{"line":412,"column":44}},"177":{"start":{"line":406,"column":22},"end":{"line":406,"column":null}},"178":{"start":{"line":402,"column":17},"end":{"line":413,"column":null}},"179":{"start":{"line":414,"column":4},"end":{"line":414,"column":null}},"180":{"start":{"line":416,"column":0},"end":{"line":416,"column":null}},"181":{"start":{"line":420,"column":12},"end":{"line":420,"column":20}},"182":{"start":{"line":419,"column":43},"end":{"line":419,"column":54}},"183":{"start":{"line":423,"column":54},"end":{"line":423,"column":77}},"184":{"start":{"line":428,"column":12},"end":{"line":428,"column":36}},"185":{"start":{"line":422,"column":22},"end":{"line":422,"column":null}},"186":{"start":{"line":418,"column":17},"end":{"line":429,"column":null}},"187":{"start":{"line":430,"column":4},"end":{"line":430,"column":null}},"188":{"start":{"line":432,"column":0},"end":{"line":432,"column":null}},"189":{"start":{"line":436,"column":12},"end":{"line":436,"column":20}},"190":{"start":{"line":435,"column":43},"end":{"line":435,"column":54}},"191":{"start":{"line":435,"column":72},"end":{"line":435,"column":95}},"192":{"start":{"line":439,"column":54},"end":{"line":439,"column":104}},"193":{"start":{"line":444,"column":12},"end":{"line":444,"column":94}},"194":{"start":{"line":438,"column":22},"end":{"line":438,"column":null}},"195":{"start":{"line":434,"column":17},"end":{"line":445,"column":null}},"196":{"start":{"line":446,"column":4},"end":{"line":446,"column":null}},"197":{"start":{"line":448,"column":0},"end":{"line":448,"column":null}},"198":{"start":{"line":452,"column":12},"end":{"line":452,"column":20}},"199":{"start":{"line":451,"column":43},"end":{"line":451,"column":71}},"200":{"start":{"line":451,"column":89},"end":{"line":451,"column":112}},"201":{"start":{"line":455,"column":70},"end":{"line":455,"column":126}},"202":{"start":{"line":460,"column":12},"end":{"line":460,"column":63}},"203":{"start":{"line":454,"column":22},"end":{"line":454,"column":null}},"204":{"start":{"line":450,"column":17},"end":{"line":461,"column":null}},"205":{"start":{"line":462,"column":4},"end":{"line":462,"column":null}},"206":{"start":{"line":464,"column":0},"end":{"line":464,"column":null}},"207":{"start":{"line":468,"column":12},"end":{"line":468,"column":20}},"208":{"start":{"line":467,"column":43},"end":{"line":467,"column":66}},"209":{"start":{"line":471,"column":54},"end":{"line":471,"column":89}},"210":{"start":{"line":476,"column":12},"end":{"line":476,"column":61}},"211":{"start":{"line":470,"column":22},"end":{"line":470,"column":null}},"212":{"start":{"line":466,"column":17},"end":{"line":477,"column":null}},"213":{"start":{"line":478,"column":4},"end":{"line":478,"column":null}}},"fnMap":{"0":{"name":"(anonymous_0)","decl":{"start":{"line":8,"column":4},"end":{"line":8,"column":null}},"loc":{"start":{"line":8,"column":4},"end":{"line":9,"column":5}}},"1":{"name":"(anonymous_1)","decl":{"start":{"line":11,"column":11},"end":{"line":11,"column":19}},"loc":{"start":{"line":11,"column":19},"end":{"line":11,"column":50}}},"2":{"name":"(anonymous_2)","decl":{"start":{"line":12,"column":11},"end":{"line":12,"column":17}},"loc":{"start":{"line":12,"column":37},"end":{"line":12,"column":68}}},"3":{"name":"(anonymous_3)","decl":{"start":{"line":14,"column":11},"end":{"line":14,"column":17}},"loc":{"start":{"line":14,"column":23},"end":{"line":14,"column":54}}},"4":{"name":"(anonymous_4)","decl":{"start":{"line":16,"column":11},"end":{"line":16,"column":14}},"loc":{"start":{"line":16,"column":34},"end":{"line":18,"column":5}}},"5":{"name":"(anonymous_5)","decl":{"start":{"line":19,"column":11},"end":{"line":19,"column":13}},"loc":{"start":{"line":19,"column":33},"end":{"line":21,"column":5}}},"6":{"name":"(anonymous_6)","decl":{"start":{"line":22,"column":11},"end":{"line":22,"column":14}},"loc":{"start":{"line":22,"column":14},"end":{"line":24,"column":5}}},"7":{"name":"(anonymous_7)","decl":{"start":{"line":76,"column":0},"end":{"line":76,"column":17}},"loc":{"start":{"line":76,"column":26},"end":{"line":93,"column":1}}},"8":{"name":"(anonymous_8)","decl":{"start":{"line":79,"column":8},"end":{"line":79,"column":null}},"loc":{"start":{"line":79,"column":8},"end":{"line":81,"column":9}}},"9":{"name":"(anonymous_9)","decl":{"start":{"line":83,"column":15},"end":{"line":83,"column":21}},"loc":{"start":{"line":83,"column":27},"end":{"line":85,"column":9}}},"10":{"name":"(anonymous_10)","decl":{"start":{"line":86,"column":15},"end":{"line":86,"column":23}},"loc":{"start":{"line":86,"column":23},"end":{"line":88,"column":9}}},"11":{"name":"(anonymous_11)","decl":{"start":{"line":89,"column":15},"end":{"line":89,"column":21}},"loc":{"start":{"line":89,"column":41},"end":{"line":91,"column":9}}},"12":{"name":"(anonymous_12)","decl":{"start":{"line":94,"column":0},"end":{"line":94,"column":17}},"loc":{"start":{"line":94,"column":26},"end":{"line":111,"column":1}}},"13":{"name":"(anonymous_13)","decl":{"start":{"line":97,"column":8},"end":{"line":97,"column":null}},"loc":{"start":{"line":97,"column":8},"end":{"line":99,"column":9}}},"14":{"name":"(anonymous_14)","decl":{"start":{"line":101,"column":15},"end":{"line":101,"column":21}},"loc":{"start":{"line":101,"column":27},"end":{"line":103,"column":9}}},"15":{"name":"(anonymous_15)","decl":{"start":{"line":104,"column":15},"end":{"line":104,"column":23}},"loc":{"start":{"line":104,"column":23},"end":{"line":106,"column":9}}},"16":{"name":"(anonymous_16)","decl":{"start":{"line":107,"column":15},"end":{"line":107,"column":21}},"loc":{"start":{"line":107,"column":41},"end":{"line":109,"column":9}}},"17":{"name":"(anonymous_17)","decl":{"start":{"line":112,"column":0},"end":{"line":112,"column":17}},"loc":{"start":{"line":112,"column":26},"end":{"line":127,"column":1}}},"18":{"name":"(anonymous_18)","decl":{"start":{"line":115,"column":8},"end":{"line":115,"column":43}},"loc":{"start":{"line":115,"column":74},"end":{"line":117,"column":9}}},"19":{"name":"(anonymous_19)","decl":{"start":{"line":119,"column":15},"end":{"line":119,"column":21}},"loc":{"start":{"line":119,"column":50},"end":{"line":119,"column":100}}},"20":{"name":"(anonymous_20)","decl":{"start":{"line":123,"column":15},"end":{"line":123,"column":21}},"loc":{"start":{"line":123,"column":27},"end":{"line":125,"column":5}}},"21":{"name":"(anonymous_21)","decl":{"start":{"line":124,"column":41},"end":{"line":124,"column":42}},"loc":{"start":{"line":124,"column":72},"end":{"line":124,"column":85}}},"22":{"name":"(anonymous_22)","decl":{"start":{"line":128,"column":0},"end":{"line":128,"column":17}},"loc":{"start":{"line":128,"column":26},"end":{"line":143,"column":1}}},"23":{"name":"(anonymous_23)","decl":{"start":{"line":131,"column":8},"end":{"line":131,"column":43}},"loc":{"start":{"line":131,"column":74},"end":{"line":133,"column":9}}},"24":{"name":"(anonymous_24)","decl":{"start":{"line":135,"column":15},"end":{"line":135,"column":21}},"loc":{"start":{"line":135,"column":50},"end":{"line":135,"column":100}}},"25":{"name":"(anonymous_25)","decl":{"start":{"line":139,"column":15},"end":{"line":139,"column":21}},"loc":{"start":{"line":139,"column":27},"end":{"line":141,"column":5}}},"26":{"name":"(anonymous_26)","decl":{"start":{"line":140,"column":40},"end":{"line":140,"column":41}},"loc":{"start":{"line":140,"column":71},"end":{"line":140,"column":84}}},"27":{"name":"(anonymous_27)","decl":{"start":{"line":144,"column":0},"end":{"line":144,"column":17}},"loc":{"start":{"line":144,"column":26},"end":{"line":159,"column":1}}},"28":{"name":"(anonymous_28)","decl":{"start":{"line":147,"column":8},"end":{"line":147,"column":43}},"loc":{"start":{"line":147,"column":66},"end":{"line":149,"column":9}}},"29":{"name":"(anonymous_29)","decl":{"start":{"line":151,"column":15},"end":{"line":151,"column":21}},"loc":{"start":{"line":151,"column":50},"end":{"line":151,"column":90}}},"30":{"name":"(anonymous_30)","decl":{"start":{"line":155,"column":15},"end":{"line":155,"column":21}},"loc":{"start":{"line":155,"column":27},"end":{"line":157,"column":5}}},"31":{"name":"(anonymous_31)","decl":{"start":{"line":160,"column":0},"end":{"line":160,"column":17}},"loc":{"start":{"line":160,"column":26},"end":{"line":175,"column":1}}},"32":{"name":"(anonymous_32)","decl":{"start":{"line":163,"column":8},"end":{"line":163,"column":43}},"loc":{"start":{"line":163,"column":51},"end":{"line":165,"column":9}}},"33":{"name":"(anonymous_33)","decl":{"start":{"line":167,"column":15},"end":{"line":167,"column":21}},"loc":{"start":{"line":167,"column":50},"end":{"line":167,"column":73}}},"34":{"name":"(anonymous_34)","decl":{"start":{"line":171,"column":15},"end":{"line":171,"column":21}},"loc":{"start":{"line":171,"column":27},"end":{"line":173,"column":5}}},"35":{"name":"(anonymous_35)","decl":{"start":{"line":176,"column":0},"end":{"line":176,"column":17}},"loc":{"start":{"line":176,"column":26},"end":{"line":191,"column":1}}},"36":{"name":"(anonymous_36)","decl":{"start":{"line":179,"column":8},"end":{"line":179,"column":43}},"loc":{"start":{"line":179,"column":51},"end":{"line":181,"column":9}}},"37":{"name":"(anonymous_37)","decl":{"start":{"line":183,"column":15},"end":{"line":183,"column":21}},"loc":{"start":{"line":183,"column":50},"end":{"line":183,"column":73}}},"38":{"name":"(anonymous_38)","decl":{"start":{"line":187,"column":15},"end":{"line":187,"column":21}},"loc":{"start":{"line":187,"column":27},"end":{"line":189,"column":5}}},"39":{"name":"(anonymous_39)","decl":{"start":{"line":192,"column":0},"end":{"line":192,"column":17}},"loc":{"start":{"line":192,"column":26},"end":{"line":207,"column":1}}},"40":{"name":"(anonymous_40)","decl":{"start":{"line":195,"column":8},"end":{"line":195,"column":43}},"loc":{"start":{"line":195,"column":59},"end":{"line":197,"column":9}}},"41":{"name":"(anonymous_41)","decl":{"start":{"line":199,"column":15},"end":{"line":199,"column":21}},"loc":{"start":{"line":199,"column":50},"end":{"line":199,"column":83}}},"42":{"name":"(anonymous_42)","decl":{"start":{"line":203,"column":15},"end":{"line":203,"column":21}},"loc":{"start":{"line":203,"column":27},"end":{"line":205,"column":5}}},"43":{"name":"(anonymous_43)","decl":{"start":{"line":204,"column":36},"end":{"line":204,"column":37}},"loc":{"start":{"line":204,"column":43},"end":{"line":204,"column":56}}},"44":{"name":"(anonymous_44)","decl":{"start":{"line":208,"column":0},"end":{"line":208,"column":17}},"loc":{"start":{"line":208,"column":26},"end":{"line":223,"column":1}}},"45":{"name":"(anonymous_45)","decl":{"start":{"line":211,"column":8},"end":{"line":211,"column":43}},"loc":{"start":{"line":211,"column":59},"end":{"line":213,"column":9}}},"46":{"name":"(anonymous_46)","decl":{"start":{"line":215,"column":15},"end":{"line":215,"column":21}},"loc":{"start":{"line":215,"column":50},"end":{"line":215,"column":83}}},"47":{"name":"(anonymous_47)","decl":{"start":{"line":219,"column":15},"end":{"line":219,"column":21}},"loc":{"start":{"line":219,"column":27},"end":{"line":221,"column":5}}},"48":{"name":"(anonymous_48)","decl":{"start":{"line":220,"column":38},"end":{"line":220,"column":39}},"loc":{"start":{"line":220,"column":45},"end":{"line":220,"column":58}}},"49":{"name":"(anonymous_49)","decl":{"start":{"line":224,"column":0},"end":{"line":224,"column":17}},"loc":{"start":{"line":224,"column":26},"end":{"line":239,"column":1}}},"50":{"name":"(anonymous_50)","decl":{"start":{"line":227,"column":8},"end":{"line":227,"column":43}},"loc":{"start":{"line":227,"column":51},"end":{"line":229,"column":9}}},"51":{"name":"(anonymous_51)","decl":{"start":{"line":231,"column":15},"end":{"line":231,"column":21}},"loc":{"start":{"line":231,"column":50},"end":{"line":231,"column":73}}},"52":{"name":"(anonymous_52)","decl":{"start":{"line":235,"column":15},"end":{"line":235,"column":21}},"loc":{"start":{"line":235,"column":27},"end":{"line":237,"column":5}}},"53":{"name":"(anonymous_53)","decl":{"start":{"line":240,"column":0},"end":{"line":240,"column":17}},"loc":{"start":{"line":240,"column":26},"end":{"line":255,"column":1}}},"54":{"name":"(anonymous_54)","decl":{"start":{"line":243,"column":8},"end":{"line":243,"column":43}},"loc":{"start":{"line":243,"column":51},"end":{"line":245,"column":9}}},"55":{"name":"(anonymous_55)","decl":{"start":{"line":247,"column":15},"end":{"line":247,"column":21}},"loc":{"start":{"line":247,"column":50},"end":{"line":247,"column":73}}},"56":{"name":"(anonymous_56)","decl":{"start":{"line":251,"column":15},"end":{"line":251,"column":21}},"loc":{"start":{"line":251,"column":27},"end":{"line":253,"column":5}}},"57":{"name":"(anonymous_57)","decl":{"start":{"line":256,"column":0},"end":{"line":256,"column":17}},"loc":{"start":{"line":256,"column":26},"end":{"line":271,"column":1}}},"58":{"name":"(anonymous_58)","decl":{"start":{"line":259,"column":8},"end":{"line":259,"column":43}},"loc":{"start":{"line":259,"column":51},"end":{"line":261,"column":9}}},"59":{"name":"(anonymous_59)","decl":{"start":{"line":263,"column":15},"end":{"line":263,"column":21}},"loc":{"start":{"line":263,"column":50},"end":{"line":263,"column":73}}},"60":{"name":"(anonymous_60)","decl":{"start":{"line":267,"column":15},"end":{"line":267,"column":21}},"loc":{"start":{"line":267,"column":27},
[...]
e":113,"column":4},"end":{"line":113,"column":null}},"68":{"start":{"line":115,"column":1},"end":{"line":117,"column":2}},"69":{"start":{"line":116,"column":4},"end":{"line":116,"column":null}},"70":{"start":{"line":118,"column":1},"end":{"line":120,"column":2}},"71":{"start":{"line":119,"column":4},"end":{"line":119,"column":null}},"72":{"start":{"line":121,"column":1},"end":{"line":123,"column":2}},"73":{"start":{"line":122,"column":4},"end":{"line":122,"column":null}},"74":{"start":{"line":124,"column":1},"end":{"line":126,"column":2}},"75":{"start":{"line":125,"column":4},"end":{"line":125,"column":null}},"76":{"start":{"line":127,"column":1},"end":{"line":129,"column":2}},"77":{"start":{"line":128,"column":4},"end":{"line":128,"column":null}},"78":{"start":{"line":130,"column":1},"end":{"line":132,"column":2}},"79":{"start":{"line":131,"column":4},"end":{"line":131,"column":null}},"80":{"start":{"line":133,"column":1},"end":{"line":135,"column":2}},"81":{"start":{"line":134,"column":4},"end":{"line":134,"column":null}},"82":{"start":{"line":136,"column":1},"end":{"line":138,"column":2}},"83":{"start":{"line":137,"column":4},"end":{"line":137,"column":null}},"84":{"start":{"line":139,"column":1},"end":{"line":143,"column":2}},"85":{"start":{"line":140,"column":40},"end":{"line":140,"column":42}},"86":{"start":{"line":141,"column":4},"end":{"line":141,"column":null}},"87":{"start":{"line":142,"column":4},"end":{"line":142,"column":null}},"88":{"start":{"line":145,"column":1},"end":{"line":191,"column":null}},"89":{"start":{"line":146,"column":17},"end":{"line":146,"column":25}},"90":{"start":{"line":147,"column":14},"end":{"line":147,"column":34}},"91":{"start":{"line":148,"column":4},"end":{"line":190,"column":null}},"92":{"start":{"line":150,"column":12},"end":{"line":150,"column":null}},"93":{"start":{"line":152,"column":12},"end":{"line":152,"column":null}},"94":{"start":{"line":154,"column":12},"end":{"line":154,"column":null}},"95":{"start":{"line":156,"column":12},"end":{"line":156,"column":null}},"96":{"start":{"line":158,"column":12},"end":{"line":158,"column":null}},"97":{"start":{"line":160,"column":12},"end":{"line":160,"column":null}},"98":{"start":{"line":162,"column":12},"end":{"line":162,"column":null}},"99":{"start":{"line":164,"column":12},"end":{"line":164,"column":null}},"100":{"start":{"line":166,"column":12},"end":{"line":166,"column":null}},"101":{"start":{"line":168,"column":12},"end":{"line":168,"column":null}},"102":{"start":{"line":170,"column":12},"end":{"line":170,"column":null}},"103":{"start":{"line":172,"column":12},"end":{"line":172,"column":null}},"104":{"start":{"line":174,"column":12},"end":{"line":174,"column":null}},"105":{"start":{"line":176,"column":12},"end":{"line":176,"column":null}},"106":{"start":{"line":178,"column":12},"end":{"line":178,"column":null}},"107":{"start":{"line":180,"column":12},"end":{"line":180,"column":null}},"108":{"start":{"line":182,"column":12},"end":{"line":182,"column":null}},"109":{"start":{"line":184,"column":12},"end":{"line":184,"column":null}},"110":{"start":{"line":186,"column":29},"end":{"line":186,"column":36}},"111":{"start":{"line":187,"column":30},"end":{"line":187,"column":67}},"112":{"start":{"line":188,"column":30},"end":{"line":188,"column":44}},"113":{"start":{"line":189,"column":12},"end":{"line":189,"column":null}},"114":{"start":{"line":193,"column":1},"end":{"line":195,"column":2}},"115":{"start":{"line":194,"column":4},"end":{"line":194,"column":null}},"116":{"start":{"line":196,"column":1},"end":{"line":198,"column":2}},"117":{"start":{"line":197,"column":4},"end":{"line":197,"column":null}},"118":{"start":{"line":199,"column":1},"end":{"line":201,"column":2}},"119":{"start":{"line":200,"column":4},"end":{"line":200,"column":null}},"120":{"start":{"line":202,"column":1},"end":{"line":204,"column":2}},"121":{"start":{"line":203,"column":4},"end":{"line":203,"column":null}},"122":{"start":{"line":205,"column":1},"end":{"line":207,"column":2}},"123":{"start":{"line":206,"column":4},"end":{"line":206,"column":null}},"124":{"start":{"line":208,"column":1},"end":{"line":210,"column":2}},"125":{"start":{"line":209,"column":4},"end":{"line":209,"column":null}},"126":{"start":{"line":211,"column":1},"end":{"line":213,"column":2}},"127":{"start":{"line":212,"column":4},"end":{"line":212,"column":null}},"128":{"start":{"line":214,"column":1},"end":{"line":216,"column":2}},"129":{"start":{"line":215,"column":4},"end":{"line":215,"column":null}},"130":{"start":{"line":217,"column":1},"end":{"line":219,"column":2}},"131":{"start":{"line":218,"column":4},"end":{"line":218,"column":null}},"132":{"start":{"line":220,"column":1},"end":{"line":222,"column":2}},"133":{"start":{"line":221,"column":4},"end":{"line":221,"column":null}},"134":{"start":{"line":223,"column":1},"end":{"line":225,"column":2}},"135":{"start":{"line":224,"column":4},"end":{"line":224,"column":null}},"136":{"start":{"line":226,"column":1},"end":{"line":228,"column":2}},"137":{"start":{"line":227,"column":4},"end":{"line":227,"column":null}},"138":{"start":{"line":229,"column":1},"end":{"line":231,"column":2}},"139":{"start":{"line":230,"column":4},"end":{"line":230,"column":null}},"140":{"start":{"line":232,"column":1},"end":{"line":234,"column":2}},"141":{"start":{"line":233,"column":4},"end":{"line":233,"column":null}},"142":{"start":{"line":235,"column":1},"end":{"line":237,"column":2}},"143":{"start":{"line":236,"column":4},"end":{"line":236,"column":null}},"144":{"start":{"line":238,"column":1},"end":{"line":240,"column":2}},"145":{"start":{"line":239,"column":4},"end":{"line":239,"column":null}},"146":{"start":{"line":241,"column":1},"end":{"line":243,"column":2}},"147":{"start":{"line":242,"column":4},"end":{"line":242,"column":null}},"148":{"start":{"line":244,"column":1},"end":{"line":248,"column":2}},"149":{"start":{"line":245,"column":40},"end":{"line":245,"column":42}},"150":{"start":{"line":246,"column":4},"end":{"line":246,"column":null}},"151":{"start":{"line":247,"column":4},"end":{"line":247,"column":null}},"152":{"start":{"line":250,"column":1},"end":{"line":252,"column":2}},"153":{"start":{"line":251,"column":4},"end":{"line":251,"column":null}},"154":{"start":{"line":253,"column":1},"end":{"line":257,"column":null}},"155":{"start":{"line":254,"column":23},"end":{"line":254,"column":44}},"156":{"start":{"line":255,"column":21},"end":{"line":255,"column":60}},"157":{"start":{"line":256,"column":4},"end":{"line":256,"column":null}}},"fnMap":{"0":{"name":"(anonymous_0)","decl":{"start":{"line":7,"column":30},"end":{"line":7,"column":34}},"loc":{"start":{"line":7,"column":104},"end":{"line":65,"column":1}}},"1":{"name":"(anonymous_1)","decl":{"start":{"line":67,"column":44},"end":{"line":67,"column":null}},"loc":{"start":{"line":67,"column":44},"end":{"line":69,"column":1}}},"2":{"name":"(anonymous_2)","decl":{"start":{"line":70,"column":45},"end":{"line":70,"column":null}},"loc":{"start":{"line":70,"column":45},"end":{"line":72,"column":1}}},"3":{"name":"(anonymous_3)","decl":{"start":{"line":73,"column":42},"end":{"line":73,"column":null}},"loc":{"start":{"line":73,"column":42},"end":{"line":75,"column":1}}},"4":{"name":"(anonymous_4)","decl":{"start":{"line":76,"column":41},"end":{"line":76,"column":null}},"loc":{"start":{"line":76,"column":41},"end":{"line":78,"column":1}}},"5":{"name":"(anonymous_5)","decl":{"start":{"line":79,"column":42},"end":{"line":79,"column":null}},"loc":{"start":{"line":79,"column":42},"end":{"line":81,"column":1}}},"6":{"name":"(anonymous_6)","decl":{"start":{"line":82,"column":44},"end":{"line":82,"column":null}},"loc":{"start":{"line":82,"column":44},"end":{"line":84,"column":1}}},"7":{"name":"(anonymous_7)","decl":{"start":{"line":85,"column":47},"end":{"line":85,"column":null}},"loc":{"start":{"line":85,"column":47},"end":{"line":87,"column":1}}},"8":{"name":"(anonymous_8)","decl":{"start":{"line":88,"column":45},"end":{"line":88,"column":null}},"loc":{"start":{"line":88,"column":45},"end":{"line":90,"column":1}}},"9":{"name":"(anonymous_9)","decl":{"start":{"line":91,"column":48},"end":{"line":91,"column":null}},"loc":{"start":{"line":91,"column":48},"end":{"line":93,"column":1}}},"10":{"name":"(anonymous_10)","decl":{"start":{"line":94,"column":50},"end":{"line":94,"column":null}},"loc":{"start":{"line":94,"column":50},"end":{"line":96,"column":1}}},"11":{"name":"(anonymous_11)","decl":{"start":{"line":97,"column":47},"end":{"line":97,"column":null}},"loc":{"start":{"line":97,"column":47},"end":{"line":99,"column":1}}},"12":{"name":"(anonymous_12)","decl":{"start":{"line":100,"column":57},"end":{"line":100,"column":null}},"loc":{"start":{"line":100,"column":57},"end":{"line":102,"column":1}}},"13":{"name":"(anonymous_13)","decl":{"start":{"line":103,"column":54},"end":{"line":103,"column":null}},"loc":{"start":{"line":103,"column":54},"end":{"line":105,"column":1}}},"14":{"name":"(anonymous_14)","decl":{"start":{"line":106,"column":45},"end":{"line":106,"column":null}},"loc":{"start":{"line":106,"column":45},"end":{"line":108,"column":1}}},"15":{"name":"(anonymous_15)","decl":{"start":{"line":109,"column":51},"end":{"line":109,"column":null}},"loc":{"start":{"line":109,"column":51},"end":{"line":111,"column":1}}},"16":{"name":"(anonymous_16)","decl":{"start":{"line":112,"column":49},"end":{"line":112,"column":null}},"loc":{"start":{"line":112,"column":49},"end":{"line":114,"column":1}}},"17":{"name":"(anonymous_17)","decl":{"start":{"line":115,"column":54},"end":{"line":115,"column":null}},"loc":{"start":{"line":115,"column":54},"end":{"line":117,"column":1}}},"18":{"name":"(anonymous_18)","decl":{"start":{"line":118,"column":52},"end":{"line":118,"column":null}},"loc":{"start":{"line":118,"column":52},"end":{"line":120,"column":1}}},"19":{"name":"(anonymous_19)","decl":{"start":{"line":121,"column":50},"end":{"line":121,"column":null}},"loc":{"start":{"line":121,"column":50},"end":{"line":123,"column":1}}},"20":{"name":"(anonymous_20)","decl":{"start":{"line":124,"column":50},"end":{"line":124,"column":null}},"loc":{"start":{"line":124,"column":50},"end":{"line":126,"column":1}}},"21":{"name":"(anonymous_21)","decl":{"start":{"line":127,"column":50},"end":{"line":127,"column":null}},"loc":{"start":{"line":127,"column":50},"end":{"line":129,"column":1}}},"22":{"name":"(anonymous_22)","decl":{"start":{"line":130,"column":45},"end":{"line":130,"column":null}},"loc":{"start":{"line":130,"column":45},"end":{"line":132,"column":1}}},"23":{"name":"(anonymous_23)","decl":{"start":{"line":133,"column":44},"end":{"line":133,"column":null}},"loc":{"start":{"line":133,"column":44},"end":{"line":135,"column":1}}},"24":{"name":"(anonymous_24)","decl":{"start":{"line":136,"column":48},"end":{"line":136,"column":null}},"loc":{"start":{"line":136,"column":48},"end":{"line":138,"column":1}}},"25":{"name":"(anonymous_25)","decl":{"start":{"line":139,"column":46},"end":{"line":139,"column":null}},"loc":{"start":{"line":139,"column":46},"end":{"line":143,"column":1}}},"26":{"name":"(anonymous_26)","decl":{"start":{"line":145,"column":33},"end":{"line":145,"column":37}},"loc":{"start":{"line":145,"column":110},"end":{"line":191,"column":1}}},"27":{"name":"(anonymous_27)","decl":{"start":{"line":193,"column":47},"end":{"line":193,"column":null}},"loc":{"start":{"line":193,"column":47},"end":{"line":195,"column":1}}},"28":{"name":"(anonymous_28)","decl":{"start":{"line":196,"column":51},"end":{"line":196,"column":null}},"loc":{"start":{"line":196,"column":51},"end":{"line":198,"column":1}}},"29":{"name":"(anonymous_29)","decl":{"start":{"line":199,"column":48},"end":{"line":199,"column":null}},"loc":{"start":{"line":199,"column":48},"end":{"line":201,"column":1}}},"30":{"name":"(anonymous_30)","decl":{"start":{"line":202,"column":54},"end":{"line":202,"column":null}},"loc":{"start":{"line":202,"column":54},"end":{"line":204,"column":1}}},"31":{"name":"(anonymous_31)","decl":{"start":{"line":205,"column":55},"end":{"line":205,"column":null}},"loc":{"start":{"line":205,"column":55},"end":{"line":207,"column":1}}},"32":{"name":"(anonymous_32)","decl":{"start":{"line":208,"column":51},"end":{"line":208,"column":null}},"loc":{"start":{"line":208,"column":51},"end":{"line":210,"column":1}}},"33":{"name":"(anonymous_33)","decl":{"start":{"line":211,"column":50},"end":{"line":211,"column":null}},"loc":{"start":{"line":211,"column":50},"end":{"line":213,"column":1}}},"34":{"name":"(anonymous_34)","decl":{"start":{"line":214,"column":54},"end":{"line":214,"column":null}},"loc":{"start":{"line":214,"column":54},"end":{"line":216,"column":1}}},"35":{"name":"(anonymous_35)","decl":{"start":{"line":217,"column":52},"end":{"line":217,"column":null}},"loc":{"start":{"line":217,"column":52},"end":{"line":219,"column":1}}},"36":{"name":"(anonymous_36)","decl":{"start":{"line":220,"column":51},"end":{"line":220,"column":null}},"loc":{"start":{"line":220,"column":51},"end":{"line":222,"column":1}}},"37":{"name":"(anonymous_37)","decl":{"start":{"line":223,"column":48},"end":{"line":223,"column":null}},"loc":{"start":{"line":223,"column":48},"end":{"line":225,"column":1}}},"38":{"name":"(anonymous_38)","decl":{"start":{"line":226,"column":57},"end":{"line":226,"column":null}},"loc":{"start":{"line":226,"column":57},"end":{"line":228,"column":1}}},"39":{"name":"(anonymous_39)","decl":{"start":{"line":229,"column":51},"end":{"line":229,"column":null}},"loc":{"start":{"line":229,"column":51},"end":{"line":231,"column":1}}},"40":{"name":"(anonymous_40)","decl":{"start":{"line":232,"column":50},"end":{"line":232,"column":null}},"loc":{"start":{"line":232,"column":50},"end":{"line":234,"column":1}}},"41":{"name":"(anonymous_41)","decl":{"start":{"line":235,"column":49},"end":{"line":235,"column":null}},"loc":{"start":{"line":235,"column":49},"end":{"line":237,"column":1}}},"42":{"name":"(anonymous_42)","decl":{"start":{"line":238,"column":53},"end":{"line":238,"column":null}},"loc":{"start":{"line":238,"column":53},"end":{"line":240,"column":1}}},"43":{"name":"(anonymous_43)","decl":{"start":{"line":241,"column":52},"end":{"line":241,"column":null}},"loc":{"start":{"line":241,"column":52},"end":{"line":243,"column":1}}},"44":{"name":"(anonymous_44)","decl":{"start":{"line":244,"column":49},"end":{"line":244,"column":null}},"loc":{"start":{"line":244,"column":49},"end":{"line":248,"column":1}}},"45":{"name":"(anonymous_45)","decl":{"start":{"line":250,"column":37},"end":{"line":250,"column":null}},"loc":{"start":{"line":250,"column":37},"end":{"line":252,"column":1}}},"46":{"name":"(anonymous_46)","decl":{"start":{"line":253,"column":29},"end":{"line":253,"column":33}},"loc":{"start":{"line":253,"column":90},"end":{"line":257,"column":1}}}},"branchMap":{"0":{"loc":{"start":{"line":10,"column":4},"end":{"line":64,"column":null}},"type":"switch","locations":[{"start":{"line":11,"column":8},"end":{"line":12,"column":null}},{"start":{"line":13,"column":8},"end":{"line":14,"column":null}},{"start":{"line":15,"column":8},"end":{"line":16,"column":null}},{"start":{"line":17,"column":8},"end":{"line":18,"column":null}},{"start":{"line":19,"column":8},"end":{"line":20,"column":null}},{"start":{"line":21,"column":8},"end":{"line":22,"column":null}},{"start":{"line":23,"column":8},"end":{"line":24,"column":null}},{"start":{"line":25,"column":8},"end":{"line":26,"column":null}},{"start":{"line":27,"column":8},"end":{"line":28,"column":null}},{"start":{"line":29,"column":8},"end":{"line":30,"column":null}},{"start":{"line":31,"column":8},"end":{"line":32,"column":null}},{"start":{"line":33,"column":8},"end":{"line":34,"column":null}},{"start":{"line":35,"column":8},"end":{"line":36,"column":null}},{"start":{"line":37,"column":8},"end":{"line":38,"column":null}},{"start":{"line":39,"column":8},"end":{"line":40,"column":null}},{"start":{"line":41,"column":8},"end":{"line":42,"column":null}},{"start":{"line":43,"column":8},"end":{"line":44,"column":null}},{"start":{"line":45,"column":8},"end":{"line":46,"column":null}},{"start":{"line":47,"column":8},"end":{"line":48,"column":null}},{"start":{"line":49,"column":8},"end":{"line":50,"column":null}},{"start":{"line":51,"column":8},"end":{"line":52,"column":null}},{"start":{"line":53,"column":8},"end":{"line":54,"column":null}},{"start":{"line":55,"column":8},"end":{"line":56,"column":null}},{"start":{"line":57,"column":8},"end":{"line":58,"column":null}},{"start":{"line":59,"column":8},"end":{"line":63,"column":null}}]},"1":{"loc":{"start":{"line":148,"column":4},"end":{"line":190,"column":null}},"type":"switch","locations":[{"start":{"line":149,"column":8},"end":{"line":150,"column":null}},{"start":{"line":151,"column":8},"end":{"line":152,"column":null}},{"start":{"line":153,"column":8},"end":{"line":154,"column":null}},{"start":{"line":155,"column":8},"end":{"line":156,"column":null}},{"start":{"line":157,"column":8},"end":{"line":158,"column":null}},{"start":{"line":159,"column":8},"end":{"line":160,"column":null}},{"start":{"line":161,"column":8},"end":{"line":162,"column":null}},{"start":{"line":163,"column":8},"end":{"line":164,"column":null}},{"start":{"line":165,"column":8},"end":{"line":166,"column":null}},{"start":{"line":167,"column":8},"end":{"line":168,"column":null}},{"start":{"line":169,"column":8},"end":{"line":170,"column":null}},{"start":{"line":171,"column":8},"end":{"line":172,"column":null}},{"start":{"line":173,"column":8},"end":{"line":174,"column":null}},{"start":{"line":175,"column":8},"end":{"line":176,"column":null}},{"start":{"line":177,"column":8},"end":{"line":178,"column":null}},{"start":{"line":179,"column":8},"end":{"line":180,"column":null}},{"start":{"line":181,"column":8},"end":{"line":182,"column":null}},{"start":{"line":183,"column":8},"end":{"line":184,"column":null}},{"start":{"line":185,"column":8},"end":{"line":189,"column":null}}]},"2":{"loc":{"start":{"line":251,"column":11},"end":{"line":251,"column":57}},"type":"cond-expr","locations":[{"start":{"line":251,"column":28},"end":{"line":251,"column":38}},{"start":{"line":251,"column":41},"end":{"line":251,"column":57}}]},"3":{"loc":{"start":{"line":255,"column":21},"end":{"line":255,"column":60}},"type":"cond-expr","locations":[{"start":{"line":255,"column":34},"end":{"line":255,"column":52}},{"start":{"line":255,"column":55},"end":{"line":255,"column":60}}]}},"s":{"0":1,"1":1,"2":1,"3":1,"4":1,"5":0,"6":0,"7":0,"8":0,"9":0,"10":0,"11":0,"12":0,"13":0,"14":0,"15":0,"16":0,"17":0,"18":0,"19":0,"20":0,"21":0,"22":0,"23":0,"24":0,"25":0,"26":0,"27":0,"28":0,"29":0,"30":0,"31":0,"32":0,"33":0,"34":0,"35":0,"36":1,"37":0,"38":1,"39":0,"40":1,"41":0,"42":1,"43":0,"44":1,"45":0,"46":1,"47":0,"48":1,"49":0,"50":1,"51":0,"52":1,"53":0,"54":1,"55":0,"56":1,"57":0,"58":1,"59":0,"60":1,"61":0,"62":1,"63":0,"64":1,"65":0,"66":1,"67":0,"68":1,"69":0,"70":1,"71":0,"72":1,"73":0,"74":1,"75":0,"76":1,"77":0,"78":1,"79":0,"80":1,"81":0,"82":1,"83":0,"84":1,"85":0,"86":0,"87":0,"88":1,"89":0,"90":0,"91":0,"92":0,"93":0,"94":0,"95":0,"96":0,"97":0,"98":0,"99":0,"100":0,"101":0,"102":0,"103":0,"104":0,"105":0,"106":0,"107":0,"108":0,"109":0,"110":0,"111":0,"112":0,"113":0,"114":1,"115":0,"116":1,"117":0,"118":1,"119":0,"120":1,"121":0,"122":1,"123":0,"124":1,"125":0,"126":1,"127":0,"128":1,"129":0,"130":1,"131":0,"132":1,"133":0,"134":1,"135":0,"136":1,"137":0,"138":1,"139":0,"140":1,"141":0,"142":1,"143":0,"144":1,"145":0,"146":1,"147":0,"148":1,"149":0,"150":0,"151":0,"152":1,"153":0,"154":1,"155":0,"156":0,"157":0},"f":{"0":0,"1":0,"2":0,"3":0,"4":0,"5":0,"6":0,"7":0,"8":0,"9":0,"10":0,"11":0,"12":0,"13":0,"14":0,"15":0,"16":0,"17":0,"18":0,"19":0,"20":0,"21":0,"22":0,"23":0,"24":0,"25":0,"26":0,"27":0,"28":0,"29":0,"30":0,"31":0,"32":0,"33":0,"34":0,"35":0,"36":0,"37":0,"38":0,"39":0,"40":0,"41":0,"42":0,"43":0,"44":0,"45":0,"46":0},"b":{"0":[0,0,0,0,0,0,0,0,0,0,0,0,0,0,0,0,0,0,0,0,0,0,0,0,0],"1":[0,0,0,0,0,0,0,0,0,0,0,0,0,0,0,0,0,0,0],"2":[0,0],"3":[0,0]}}
}
