TN:
SF:src/index.ts
FNF:0
FNH:0
DA:1,1
DA:2,1
LF:2
LH:2
BRF:0
BRH:0
end_of_record
TN:
SF:src/client/CompleteModelApi.ts
FN:9,(anonymous_0)
FNF:1
FNH:0
FNDA:0,(anonymous_0)
DA:8,1
LF:1
LH:1
BRF:0
BRH:0
end_of_record
TN:
SF:src/client/FullReadModelApi.ts
FN:8,(anonymous_0)
FNF:1
FNH:0
FNDA:0,(anonymous_0)
DA:7,1
LF:1
LH:1
BRF:0
BRH:0
end_of_record
TN:
SF:src/client/ObserveModelApi.ts
FN:8,(anonymous_0)
FNF:1
FNH:0
FNDA:0,(anonymous_0)
DA:7,1
LF:1
LH:1
BRF:0
BRH:0
end_of_record
TN:
SF:src/client/ReadModelApi.ts
FN:9,(anonymous_0)
FNF:1
FNH:0
FNDA:0,(anonymous_0)
DA:8,1
LF:1
LH:1
BRF:0
BRH:0
end_of_record
TN:
SF:src/client/SignalData.ts
FN:8,(anonymous_0)
FN:11,(anonymous_1)
FNF:2
FNH:0
FNDA:0,(anonymous_0)
FNDA:0,(anonymous_1)
DA:4,1
DA:7,1
DA:8,0
DA:10,1
DA:11,0
DA:16,1
LF:6
LH:4
BRF:0
BRH:0
end_of_record
TN:
SF:src/client/WriteModelApi.ts
FN:11,(anonymous_0)
FNF:1
FNH:0
FNDA:0,(anonymous_0)
DA:10,1
LF:1
LH:1
BRF:0
BRH:0
end_of_record
TN:
SF:src/client/index.ts
FNF:0
FNH:0
DA:1,1
DA:2,1
DA:3,1
DA:4,1
DA:5,1
DA:6,1
DA:7,1
DA:8,1
DA:9,1
DA:10,1
DA:11,1
DA:12,1
DA:13,1
DA:14,1
DA:15,1
DA:16,1
DA:17,1
DA:18,1
DA:19,1
LF:19
LH:19
BRF:0
BRH:0
end_of_record
TN:
SF:src/client/live/LiveCompleteModelApi.ts
FN:14,(anonymous_0)
FN:20,(anonymous_1)
FN:23,(anonymous_2)
FN:27,(anonymous_3)
FNF:4
FNH:2
FNDA:0,(anonymous_0)
FNDA:1,(anonymous_1)
FNDA:1,(anonymous_2)
FNDA:0,(anonymous_3)
DA:4,1
DA:8,1
DA:9,1
DA:10,1
DA:13,1
DA:14,0
DA:15,0
DA:20,1
DA:22,1
DA:25,1
DA:28,0
LF:11
LH:8
BRDA:20,0,0,1
BRDA:20,0,1,0
BRF:2
BRH:1
end_of_record
TN:
SF:src/client/live/LiveFullReadModelApi.ts
FN:11,(anonymous_0)
FN:17,(anonymous_1)
FN:20,(anonymous_2)
FN:24,(anonymous_3)
FNF:4
FNH:2
FNDA:0,(anonymous_0)
FNDA:1,(anonymous_1)
FNDA:1,(anonymous_2)
FNDA:0,(anonymous_3)
DA:4,1
DA:6,1
DA:7,1
DA:10,1
DA:11,0
DA:12,0
DA:17,1
DA:19,1
DA:22,1
DA:25,0
LF:10
LH:7
BRDA:17,0,0,1
BRDA:17,0,1,0
BRF:2
BRH:1
end_of_record
TN:
SF:src/client/live/LiveObserveModelApi.ts
FN:15,(anonymous_0)
FN:25,(anonymous_1)
FN:27,(anonymous_2)
FN:27,(anonymous_3)
FN:32,(anonymous_4)
FN:35,(anonymous_5)
FN:39,(anonymous_6)
FN:40,(anonymous_7)
FN:40,(anonymous_8)
FN:43,(anonymous_9)
FN:49,xObservableToListObservable
FN:51,(anonymous_11)
FN:58,(anonymous_12)
FN:59,(anonymous_13)
FN:65,(anonymous_14)
FNF:15
FNH:2
FNDA:0,(anonymous_0)
FNDA:0,(anonymous_1)
FNDA:0,(anonymous_2)
FNDA:0,(anonymous_3)
FNDA:1,(anonymous_4)
FNDA:1,(anonymous_5)
FNDA:0,(anonymous_6)
FNDA:0,(anonymous_7)
FNDA:0,(anonymous_8)
FNDA:0,(anonymous_9)
FNDA:0,xObservableToListObservable
FNDA:0,(anonymous_11)
FNDA:0,(anonymous_12)
FNDA:0,(anonymous_13)
FNDA:0,(anonymous_14)
DA:4,1
DA:5,1
DA:6,1
DA:7,1
DA:8,1
DA:9,1
DA:11,1
DA:14,1
DA:15,0
DA:16,0
DA:17,0
DA:27,0
DA:28,0
DA:32,1
DA:34,1
DA:37,1
DA:40,0
DA:41,0
DA:42,0
DA:43,0
DA:49,1
DA:50,0
DA:51,0
DA:52,0
DA:53,0
DA:54,0
DA:56,0
DA:57,0
DA:58,0
DA:59,0
DA:60,0
DA:61,0
DA:63,0
DA:64,0
DA:65,0
DA:68,0
LF:36
LH:12
BRDA:43,0,0,0
BRDA:43,0,1,0
BRDA:43,1,0,0
BRDA:43,1,1,0
BRDA:32,2,0,1
BRDA:32,2,1,0
BRDA:53,3,0,0
BRDA:57,4,0,0
BRDA:57,4,1,0
BRDA:60,5,0,0
BRDA:64,6,0,0
BRF:11
BRH:1
end_of_record
TN:
SF:src/client/live/LiveReadModelApi.ts
FN:13,(anonymous_0)
FN:18,(anonymous_1)
FN:23,(anonymous_2)
FNF:3
FNH:0
FNDA:0,(anonymous_0)
FNDA:0,(anonymous_1)
FNDA:0,(anonymous_2)
DA:6,1
DA:8,1
DA:12,1
DA:13,0
DA:14,0
DA:19,0
DA:24,0
LF:7
LH:3
BRF:0
BRH:0
end_of_record
TN:
SF:src/client/live/LiveWriteModelApi.ts
FN:15,(anonymous_0)
FN:20,(anonymous_1)
FN:24,(anonymous_2)
FN:28,(anonymous_3)
FN:32,(anonymous_4)
FN:36,(anonymous_5)
FN:40,(anonymous_6)
FN:44,(anonymous_7)
FN:45,(anonymous_8)
FN:45,(anonymous_9)
FN:48,(anonymous_10)
FN:49,(anonymous_11)
FN:49,(anonymous_12)
FNF:13
FNH:0
FNDA:0,(anonymous_0)
FNDA:0,(anonymous_1)
FNDA:0,(anonymous_2)
FNDA:0,(anonymous_3)
FNDA:0,(anonymous_4)
FNDA:0,(anonymous_5)
FNDA:0,(anonymous_6)
FNDA:0,(anonymous_7)
FNDA:0,(anonymous_8)
FNDA:0,(anonymous_9)
FNDA:0,(anonymous_10)
FNDA:0,(anonymous_11)
FNDA:0,(anonymous_12)
DA:8,1
DA:10,1
DA:11,1
DA:14,1
DA:15,0
DA:16,0
DA:21,0
DA:25,0
DA:29,0
DA:33,0
DA:37,0
DA:41,0
DA:45,0
DA:49,0
LF:14
LH:4
BRF:0
BRH:0
end_of_record
TN:
SF:src/client/live/sockets.ts
FN:12,get_overrideWebSocketProvider
FN:13,set_overrideWebSocketProvider
FN:16,sharedSocket
FN:17,(anonymous_3)
FN:20,(anonymous_4)
FN:20,(anonymous_5)
FN:24,(anonymous_6)
FN:27,(anonymous_7)
FN:29,(anonymous_8)
FN:32,(anonymous_9)
FN:34,(anonymous_10)
FN:34,(anonymous_11)
FN:43,(anonymous_12)
FN:48,(anonymous_13)
FN:53,multiplexedSocketReified
FN:53,(anonymous_15)
FN:58,multiplexedSocket
FN:58,(anonymous_17)
FN:62,(anonymous_18)
FN:66,(anonymous_19)
FN:73,(anonymous_20)
FN:76,(anonymous_21)
FN:76,(anonymous_22)
FN:76,(anonymous_23)
FN:81,(anonymous_24)
FNF:25
FNH:0
FNDA:0,get_overrideWebSocketProvider
FNDA:0,set_overrideWebSocketProvider
FNDA:0,sharedSocket
FNDA:0,(anonymous_3)
FNDA:0,(anonymous_4)
FNDA:0,(anonymous_5)
FNDA:0,(anonymous_6)
FNDA:0,(anonymous_7)
FNDA:0,(anonymous_8)
FNDA:0,(anonymous_9)
FNDA:0,(anonymous_10)
FNDA:0,(anonymous_11)
FNDA:0,(anonymous_12)
FNDA:0,(anonymous_13)
FNDA:0,multiplexedSocketReified
FNDA:0,(anonymous_15)
FNDA:0,multiplexedSocket
FNDA:0,(anonymous_17)
FNDA:0,(anonymous_18)
FNDA:0,(anonymous_19)
FNDA:0,(anonymous_20)
FNDA:0,(anonymous_21)
FNDA:0,(anonymous_22)
FNDA:0,(anonymous_23)
FNDA:0,(anonymous_24)
DA:3,1
DA:4,1
DA:5,1
DA:6,1
DA:7,1
DA:8,1
DA:11,1
DA:12,1
DA:13,1
DA:14,1
DA:16,1
DA:17,0
DA:18,0
DA:20,0
DA:24,0
DA:26,0
DA:27,0
DA:29,0
DA:31,0
DA:33,0
DA:34,0
DA:36,0
DA:42,1
DA:43,0
DA:47,1
DA:48,0
DA:53,1
DA:54,0
DA:58,1
DA:59,0
DA:60,0
DA:61,0
DA:62,0
DA:64,0
DA:65,0
DA:66,0
DA:67,0
DA:68,0
DA:69,0
DA:70,0
DA:71,0
DA:72,0
DA:74,0
DA:76,0
DA:77,0
DA:79,0
DA:80,0
DA:83,0
DA:84,0
DA:85,0
LF:50
LH:15
BRDA:20,0,0,0
BRDA:20,0,1,0
BRDA:20,1,0,0
BRDA:20,1,1,0
BRDA:53,2,0,0
BRDA:58,3,0,0
BRDA:68,4,0,0
BRDA:69,5,0,0
BRDA:71,6,0,0
BRDA:72,7,0,0
BRDA:72,7,1,0
BRDA:83,8,0,0
BRDA:83,8,1,0
BRDA:83,9,0,0
BRDA:83,9,1,0
BRDA:83,10,0,0
BRDA:83,10,1,0
BRDA:83,11,0,0
BRDA:83,11,1,0
BRDA:84,12,0,0
BRF:20
BRH:0
end_of_record
TN:
SF:src/client/mock/ItemNotFound.ts
FN:7,(anonymous_0)
FNF:1
FNH:0
FNDA:0,(anonymous_0)
DA:3,1
DA:6,1
DA:8,0
LF:3
LH:2
BRF:0
BRH:0
end_of_record
TN:
SF:src/client/mock/MockCompleteModelApi.ts
FN:15,(anonymous_0)
FNF:1
FNH:0
FNDA:0,(anonymous_0)
DA:4,1
DA:8,1
DA:9,1
DA:11,1
DA:14,1
DA:15,0
DA:16,0
DA:17,0
DA:18,0
DA:19,0
LF:10
LH:5
BRF:0
BRH:0
end_of_record
TN:
SF:src/client/mock/MockFullReadModelApi.ts
FN:13,(anonymous_0)
FNF:1
FNH:0
FNDA:0,(anonymous_0)
DA:4,1
DA:7,1
DA:8,1
DA:12,1
DA:13,0
DA:14,0
DA:15,0
DA:16,0
LF:8
LH:4
BRF:0
BRH:0
end_of_record
TN:
SF:src/client/mock/MockObserveModelApi.ts
FN:11,(anonymous_0)
FN:15,(anonymous_1)
FN:16,(anonymous_2)
FNF:3
FNH:0
FNDA:0,(anonymous_0)
FNDA:0,(anonymous_1)
FNDA:0,(anonymous_2)
DA:5,1
DA:7,1
DA:10,1
DA:11,0
DA:12,0
DA:16,0
LF:6
LH:3
BRF:0
BRH:0
end_of_record
TN:
SF:src/client/mock/MockReadModelApi.ts
FN:15,(anonymous_0)
FN:20,(anonymous_1)
FN:22,(anonymous_2)
FN:22,(anonymous_3)
FN:25,(anonymous_4)
FN:26,(anonymous_5)
FN:29,(anonymous_6)
FNF:7
FNH:0
FNDA:0,(anonymous_0)
FNDA:0,(anonymous_1)
FNDA:0,(anonymous_2)
FNDA:0,(anonymous_3)
FNDA:0,(anonymous_4)
FNDA:0,(anonymous_5)
FNDA:0,(anonymous_6)
DA:5,1
DA:7,1
DA:8,1
DA:10,1
DA:11,1
DA:14,1
DA:15,0
DA:16,0
DA:21,0
DA:22,0
DA:26,0
DA:27,0
DA:28,0
DA:29,0
LF:14
LH:6
BRDA:22,0,0,0
BRDA:22,0,1,0
BRDA:22,1,0,0
BRDA:22,1,1,0
BRDA:26,2,0,0
BRDA:26,2,1,0
BRDA:26,3,0,0
BRDA:26,3,1,0
BRDA:28,4,0,0
BRF:9
BRH:0
end_of_record
TN:
SF:src/client/mock/MockTable.ts
FN:14,(anonymous_0)
FN:23,(anonymous_1)
FN:24,(anonymous_2)
FN:24,(anonymous_3)
FN:27,(anonymous_4)
FN:31,(anonymous_5)
FN:35,(anonymous_6)
FN:41,(anonymous_7)
FN:47,(anonymous_8)
FN:51,(anonymous_9)
FNF:10
FNH:0
FNDA:0,(anonymous_0)
FNDA:0,(anonymous_1)
FNDA:0,(anonymous_2)
FNDA:0,(anonymous_3)
FNDA:0,(anonymous_4)
FNDA:0,(anonymous_5)
FNDA:0,(anonymous_6)
FNDA:0,(anonymous_7)
FNDA:0,(anonymous_8)
FNDA:0,(anonymous_9)
DA:6,1
DA:7,1
DA:8,1
DA:9,1
DA:10,1
DA:13,1
DA:15,0
DA:16,0
DA:24,0
DA:28,0
DA:32,0
DA:36,0
DA:37,0
DA:38,0
DA:42,0
DA:43,0
DA:44,0
DA:48,0
DA:52,0
DA:53,0
DA:54,0
DA:55,0
LF:22
LH:6
BRDA:28,0,0,0
BRDA:28,0,1,0
BRDA:28,1,0,0
BRDA:28,1,1,0
BRDA:52,2,0,0
BRDA:52,2,1,0
BRDA:52,3,0,0
BRDA:52,3,1,0
BRDA:53,4,0,0
BRF:9
BRH:0
end_of_record
TN:
SF:src/client/mock/MockWriteModelApi.ts
FN:16,(anonymous_0)
FN:21,(anonymous_1)
FN:25,(anonymous_2)
FN:26,(anonymous_3)
FN:29,(anonymous_4)
FN:33,(anonymous_5)
FN:34,(anonymous_6)
FN:37,(anonymous_7)
FN:38,(anonymous_8)
FN:41,(anonymous_9)
FN:49,(anonymous_10)
FN:51,(anonymous_11)
FN:51,(anonymous_12)
FN:54,(anonymous_13)
FN:58,(anonymous_14)
FN:60,(anonymous_15)
FN:60,(anonymous_16)
FNF:17
FNH:0
FNDA:0,(anonymous_0)
FNDA:0,(anonymous_1)
FNDA:0,(anonymous_2)
FNDA:0,(anonymous_3)
FNDA:0,(anonymous_4)
FNDA:0,(anonymous_5)
FNDA:0,(anonymous_6)
FNDA:0,(anonymous_7)
FNDA:0,(anonymous_8)
FNDA:0,(anonymous_9)
FNDA:0,(anonymous_10)
FNDA:0,(anonymous_11)
FNDA:0,(anonymous_12)
FNDA:0,(anonymous_13)
FNDA:0,(anonymous_14)
FNDA:0,(anonymous_15)
FNDA:0,(anonymous_16)
DA:8,1
DA:9,1
DA:12,1
DA:15,1
DA:16,0
DA:17,0
DA:22,0
DA:26,0
DA:30,0
DA:34,0
DA:38,0
DA:39,0
DA:40,0
DA:41,0
DA:42,0
DA:43,0
DA:44,0
DA:50,0
DA:51,0
DA:55,0
DA:59,0
DA:60,0
DA:61,0
LF:23
LH:4
BRDA:38,0,0,0
BRDA:38,0,1,0
BRDA:38,1,0,0
BRDA:38,1,1,0
BRDA:39,2,0,0
BRDA:39,2,1,0
BRDA:39,3,0,0
BRDA:39,3,1,0
BRDA:40,4,0,0
BRF:9
BRH:0
end_of_record
TN:
SF:src/shared/Condition.ts
FN:8,(anonymous_0)
FN:11,(anonymous_1)
FN:12,(anonymous_2)
FN:14,(anonymous_3)
FN:16,(anonymous_4)
FN:19,(anonymous_5)
FN:22,(anonymous_6)
FN:76,(anonymous_7)
FN:79,(anonymous_8)
FN:83,(anonymous_9)
FN:86,(anonymous_10)
FN:89,(anonymous_11)
FN:94,(anonymous_12)
FN:97,(anonymous_13)
FN:101,(anonymous_14)
FN:104,(anonymous_15)
FN:107,(anonymous_16)
FN:112,(anonymous_17)
FN:115,(anonymous_18)
FN:119,(anonymous_19)
FN:123,(anonymous_20)
FN:124,(anonymous_21)
FN:128,(anonymous_22)
FN:131,(anonymous_23)
FN:135,(anonymous_24)
FN:139,(anonymous_25)
FN:140,(anonymous_26)
FN:144,(anonymous_27)
FN:147,(anonymous_28)
FN:151,(anonymous_29)
FN:155,(anonymous_30)
FN:160,(anonymous_31)
FN:163,(anonymous_32)
FN:167,(anonymous_33)
FN:171,(anonymous_34)
FN:176,(anonymous_35)
FN:179,(anonymous_36)
FN:183,(anonymous_37)
FN:187,(anonymous_38)
FN:192,(anonymous_39)
FN:195,(anonymous_40)
FN:199,(anonymous_41)
FN:203,(anonymous_42)
FN:204,(anonymous_43)
FN:208,(anonymous_44)
FN:211,(anonymous_45)
FN:215,(anonymous_46)
FN:219,(anonymous_47)
FN:220,(anonymous_48)
FN:224,(anonymous_49)
FN:227,(anonymous_50)
FN:231,(anonymous_51)
FN:235,(anonymous_52)
FN:240,(anonymous_53)
FN:243,(anonymous_54)
FN:247,(anonymous_55)
FN:251,(anonymous_56)
FN:256,(anonymous_57)
FN:259,(anonymous_58)
FN:263,(anonymous_59)
FN:267,(anonymous_60)
FN:272,(anonymous_61)
FN:275,(anonymous_62)
FN:279,(anonymous_63)
FN:283,(anonymous_64)
FN:288,(anonymous_65)
FN:291,(anonymous_66)
FN:295,(anonymous_67)
FN:299,(anonymous_68)
FN:304,(anonymous_69)
FN:307,(anonymous_70)
FN:311,(anonymous_71)
FN:315,(anonymous_72)
FN:320,(anonymous_73)
FN:323,(anonymous_74)
FN:327,(anonymous_75)
FN:331,(anonymous_76)
FN:336,(anonymous_77)
FN:339,(anonymous_78)
FN:343,(anonymous_79)
FN:347,(anonymous_80)
FN:352,(anonymous_81)
FN:355,(anonymous_82)
FN:359,(anonymous_83)
FN:363,(anonymous_84)
FN:368,(anonymous_85)
FN:371,(anonymous_86)
FN:375,(anonymous_87)
FN:379,(anonymous_88)
FN:380,(anonymous_89)
FN:384,(anonymous_90)
FN:387,(anonymous_91)
FN:391,(anonymous_92)
FN:395,(anonymous_93)
FN:396,(anonymous_94)
FN:400,(anonymous_95)
FN:403,(anonymous_96)
FN:407,(anonymous_97)
FN:411,(anonymous_98)
FN:416,(anonymous_99)
FN:419,(anonymous_100)
FN:423,(anonymous_101)
FN:427,(anonymous_102)
FN:432,(anonymous_103)
FN:435,(anonymous_104)
FN:439,(anonymous_105)
FN:443,(anonymous_106)
FN:448,(anonymous_107)
FN:451,(anonymous_108)
FN:455,(anonymous_109)
FN:459,(anonymous_110)
FN:464,(anonymous_111)
FN:467,(anonymous_112)
FN:471,(anonymous_113)
FN:475,(anonymous_114)
FNF:115
FNH:25
FNDA:0,(anonymous_0)
FNDA:0,(anonymous_1)
FNDA:0,(anonymous_2)
FNDA:0,(anonymous_3)
FNDA:0,(anonymous_4)
FNDA:0,(anonymous_5)
FNDA:0,(anonymous_6)
FNDA:1,(anonymous_7)
FNDA:0,(anonymous_8)
FNDA:0,(anonymous_9)
FNDA:0,(anonymous_10)
FNDA:0,(anonymous_11)
FNDA:1,(anonymous_12)
FNDA:0,(anonymous_13)
FNDA:0,(anonymous_14)
FNDA:0,(anonymous_15)
FNDA:0,(anonymous_16)
FNDA:1,(anonymous_17)
FNDA:0,(anonymous_18)
FNDA:0,(anonymous_19)
FNDA:0,(anonymous_20)
FNDA:0,(anonymous_21)
FNDA:1,(anonymous_22)
FNDA:0,(anonymous_23)
FNDA:0,(anonymous_24)
FNDA:0,(anonymous_25)
FNDA:0,(anonymous_26)
FNDA:1,(anonymous_27)
FNDA:0,(anonymous_28)
FNDA:0,(anonymous_29)
FNDA:0,(anonymous_30)
FNDA:1,(anonymous_31)
FNDA:0,(anonymous_32)
FNDA:0,(anonymous_33)
FNDA:0,(anonymous_34)
FNDA:1,(anonymous_35)
FNDA:0,(anonymous_36)
FNDA:0,(anonymous_37)
FNDA:0,(anonymous_38)
FNDA:1,(anonymous_39)
FNDA:0,(anonymous_40)
FNDA:0,(anonymous_41)
FNDA:0,(anonymous_42)
FNDA:0,(anonymous_43)
FNDA:1,(anonymous_44)
FNDA:0,(anonymous_45)
FNDA:0,(anonymous_46)
FNDA:0,(anonymous_47)
FNDA:0,(anonymous_48)
FNDA:1,(anonymous_49)
FNDA:0,(anonymous_50)
FNDA:0,(anonymous_51)
FNDA:0,(anonymous_52)
FNDA:1,(anonymous_53)
FNDA:0,(anonymous_54)
FNDA:0,(anonymous_55)
FNDA:0,(anonymous_56)
FNDA:1,(anonymous_57)
FNDA:0,(anonymous_58)
FNDA:0,(anonymous_59)
FNDA:0,(anonymous_60)
FNDA:1,(anonymous_61)
FNDA:0,(anonymous_62)
FNDA:0,(anonymous_63)
FNDA:0,(anonymous_64)
FNDA:1,(anonymous_65)
FNDA:0,(anonymous_66)
FNDA:0,(anonymous_67)
FNDA:0,(anonymous_68)
FNDA:1,(anonymous_69)
FNDA:0,(anonymous_70)
FNDA:0,(anonymous_71)
FNDA:0,(anonymous_72)
FNDA:1,(anonymous_73)
FNDA:0,(anonymous_74)
FNDA:0,(anonymous_75)
FNDA:0,(anonymous_76)
FNDA:1,(anonymous_77)
FNDA:0,(anonymous_78)
FNDA:0,(anonymous_79)
FNDA:0,(anonymous_80)
FNDA:1,(anonymous_81)
FNDA:0,(anonymous_82)
FNDA:0,(anonymous_83)
FNDA:0,(anonymous_84)
FNDA:1,(anonymous_85)
FNDA:0,(anonymous_86)
FNDA:0,(anonymous_87)
FNDA:0,(anonymous_88)
FNDA:0,(anonymous_89)
FNDA:1,(anonymous_90)
FNDA:0,(anonymous_91)
FNDA:0,(anonymous_92)
FNDA:0,(anonymous_93)
FNDA:0,(anonymous_94)
FNDA:1,(anonymous_95)
FNDA:0,(anonymous_96)
FNDA:0,(anonymous_97)
FNDA:0,(anonymous_98)
FNDA:1,(anonymous_99)
FNDA:0,(anonymous_100)
FNDA:0,(anonymous_101)
FNDA:0,(anonymous_102)
FNDA:1,(anonymous_103)
FNDA:0,(anonymous_104)
FNDA:0,(anonymous_105)
FNDA:0,(anonymous_106)
FNDA:1,(anonymous_107)
FNDA:0,(anonymous_108)
FNDA:0,(anonymous_109)
FNDA:0,(anonymous_110)
FNDA:1,(anonymous_111)
FNDA:0,(anonymous_112)
FNDA:0,(anonymous_113)
FNDA:0,(anonymous_114)
DA:3,1
DA:4,1
DA:7,1
DA:11,0
DA:12,0
DA:14,0
DA:17,0
DA:20,0
DA:23,0
DA:76,1
DA:78,1
DA:80,0
DA:84,0
DA:87,0
DA:90,0
DA:94,1
DA:96,1
DA:98,0
DA:102,0
DA:105,0
DA:108,0
DA:112,1
DA:114,1
DA:115,0
DA:116,0
DA:118,1
DA:119,0
DA:124,0
DA:126,1
DA:128,1
DA:130,1
DA:131,0
DA:132,0
DA:134,1
DA:135,0
DA:140,0
DA:142,1
DA:144,1
DA:146,1
DA:147,0
DA:148,0
DA:150,1
DA:151,0
DA:156,0
DA:158,1
DA:160,1
DA:162,1
DA:163,0
DA:164,0
DA:166,1
DA:167,0
DA:172,0
DA:174,1
DA:176,1
DA:178,1
DA:179,0
DA:180,0
DA:182,1
DA:183,0
DA:188,0
DA:190,1
DA:192,1
DA:194,1
DA:195,0
DA:196,0
DA:198,1
DA:199,0
DA:204,0
DA:206,1
DA:208,1
DA:210,1
DA:211,0
DA:212,0
DA:214,1
DA:215,0
DA:220,0
DA:222,1
DA:224,1
DA:226,1
DA:227,0
DA:228,0
DA:230,1
DA:231,0
DA:236,0
DA:238,1
DA:240,1
DA:242,1
DA:243,0
DA:244,0
DA:246,1
DA:247,0
DA:252,0
DA:254,1
DA:256,1
DA:258,1
DA:259,0
DA:260,0
DA:262,1
DA:263,0
DA:268,0
DA:270,1
DA:272,1
DA:274,1
DA:275,0
DA:276,0
DA:278,1
DA:279,0
DA:284,0
DA:286,1
DA:288,1
DA:290,1
DA:291,0
DA:292,0
DA:294,1
DA:295,0
DA:300,0
DA:302,1
DA:304,1
DA:306,1
DA:307,0
DA:308,0
DA:310,1
DA:311,0
DA:316,0
DA:318,1
DA:320,1
DA:322,1
DA:323,0
DA:324,0
DA:326,1
DA:327,0
DA:332,0
DA:334,1
DA:336,1
DA:338,1
DA:339,0
DA:340,0
DA:342,1
DA:343,0
DA:348,0
DA:350,1
DA:352,1
DA:354,1
DA:355,0
DA:356,0
DA:358,1
DA:359,0
DA:364,0
DA:366,1
DA:368,1
DA:370,1
DA:371,0
DA:372,0
DA:374,1
DA:375,0
DA:380,0
DA:382,1
DA:384,1
DA:386,1
DA:387,0
DA:388,0
DA:390,1
DA:391,0
DA:396,0
DA:398,1
DA:400,1
DA:402,1
DA:403,0
DA:404,0
DA:406,1
DA:407,0
DA:412,0
DA:414,1
DA:416,1
DA:418,1
DA:419,0
DA:420,0
DA:422,1
DA:423,0
DA:428,0
DA:430,1
DA:432,1
DA:434,1
DA:435,0
DA:436,0
DA:438,1
DA:439,0
DA:444,0
DA:446,1
DA:448,1
DA:450,1
DA:451,0
DA:452,0
DA:454,1
DA:455,0
DA:460,0
DA:462,1
DA:464,1
DA:466,1
DA:467,0
DA:468,0
DA:470,1
DA:471,0
DA:476,0
DA:478,1
LF:205
LH:99
BRDA:76,0,0,1
BRDA:76,0,1,0
BRDA:94,1,0,1
BRDA:94,1,1,0
BRDA:112,2,0,1
BRDA:112,2,1,0
BRDA:128,3,0,1
BRDA:128,3,1,0
BRDA:144,4,0,1
BRDA:144,4,1,0
BRDA:160,5,0,1
BRDA:160,5,1,0
BRDA:176,6,0,1
BRDA:176,6,1,0
BRDA:192,7,0,1
BRDA:192,7,1,0
BRDA:208,8,0,1
BRDA:208,8,1,0
BRDA:224,9,0,1
BRDA:224,9,1,0
BRDA:240,10,0,1
BRDA:240,10,1,0
BRDA:256,11,0,1
BRDA:256,11,1,0
BRDA:272,12,0,1
BRDA:272,12,1,0
BRDA:288,13,0,1
BRDA:288,13,1,0
BRDA:304,14,0,1
BRDA:304,14,1,0
BRDA:320,15,0,1
BRDA:320,15,1,0
BRDA:336,16,0,1
BRDA:336,16,1,0
BRDA:352,17,0,1
BRDA:352,17,1,0
BRDA:368,18,0,1
BRDA:368,18,1,0
BRDA:384,19,0,1
BRDA:384,19,1,0
BRDA:400,20,0,1
BRDA:400,20,1,0
BRDA:416,21,0,1
BRDA:416,21,1,0
BRDA:444,22,0,0
BRDA:444,22,1,0
BRDA:444,23,0,0
BRDA:444,23,1,0
BRDA:444,24,0,0
BRDA:444,24,1,0
BRDA:432,25,0,1
BRDA:432,25,1,0
BRDA:448,26,0,1
BRDA:448,26,1,0
BRDA:476,27,0,0
BRDA:476,27,1,0
BRDA:464,28,0,1
BRDA:464,28,1,0
BRF:58
BRH:25
end_of_record
TN:
SF:src/shared/DataClassProperty.ts
FN:10,keyGet
FN:13,keySet
FNF:2
FNH:0
FNDA:0,keyGet
FNDA:0,keySet
DA:10,1
DA:11,0
DA:13,1
DA:14,0
DA:15,0
DA:16,0
LF:6
LH:2
BRF:0
BRH:0
end_of_record
TN:
SF:src/shared/EntryChange.ts
FN:7,(anonymous_0)
FN:10,(anonymous_1)
FNF:2
FNH:0
FNDA:0,(anonymous_0)
FNDA:0,(anonymous_1)
DA:3,1
DA:6,1
DA:7,0
DA:9,1
DA:10,0
DA:15,1
LF:6
LH:4
BRDA:7,0,0,0
BRDA:7,1,0,0
BRF:2
BRH:0
end_of_record
TN:
SF:src/shared/HasId.ts
FN:16,(anonymous_0)
FN:20,(anonymous_1)
FNF:2
FNH:1
FNDA:1,(anonymous_0)
FNDA:0,(anonymous_1)
DA:15,1
DA:18,1
DA:21,0
DA:22,0
LF:4
LH:2
BRF:0
BRH:0
end_of_record
TN:
SF:src/shared/ListChange.ts
FN:8,(anonymous_0)
FN:11,(anonymous_1)
FN:19,xEntryChangeListChange
FNF:3
FNH:2
FNDA:1,(anonymous_0)
FNDA:1,(anonymous_1)
FNDA:0,xEntryChangeListChange
DA:4,1
DA:7,1
DA:8,1
DA:10,1
DA:11,1
DA:16,1
DA:19,1
DA:20,0
LF:8
LH:7
BRDA:8,0,0,1
BRDA:8,1,0,1
BRDA:8,2,0,1
BRF:3
BRH:3
end_of_record
TN:
SF:src/shared/MassModification.ts
FN:9,(anonymous_0)
FN:12,(anonymous_1)
FNF:2
FNH:0
FNDA:0,(anonymous_0)
FNDA:0,(anonymous_1)
DA:3,1
DA:4,1
DA:5,1
DA:8,1
DA:9,0
DA:11,1
DA:12,0
DA:17,1
LF:8
LH:6
BRF:0
BRH:0
end_of_record
TN:
SF:src/shared/Modification.ts
FN:10,(anonymous_0)
FN:13,(anonymous_1)
FN:14,(anonymous_2)
FN:15,(anonymous_3)
FN:16,(anonymous_4)
FN:18,(anonymous_5)
FN:60,(anonymous_6)
FN:63,(anonymous_7)
FN:67,(anonymous_8)
FN:72,(anonymous_9)
FN:73,(anonymous_10)
FN:75,(anonymous_11)
FN:77,(anonymous_12)
FN:82,(anonymous_13)
FN:85,(anonymous_14)
FN:89,(anonymous_15)
FN:94,(anonymous_16)
FN:95,(anonymous_17)
FN:98,(anonymous_18)
FN:101,(anonymous_19)
FN:107,(anonymous_20)
FN:110,(anonymous_21)
FN:114,(anonymous_22)
FN:119,(anonymous_23)
FN:122,(anonymous_24)
FN:128,(anonymous_25)
FN:131,(anonymous_26)
FN:135,(anonymous_27)
FN:140,(anonymous_28)
FN:143,(anonymous_29)
FN:149,(anonymous_30)
FN:152,(anonymous_31)
FN:156,(anonymous_32)
FN:161,(anonymous_33)
FN:164,(anonymous_34)
FN:170,(anonymous_35)
FN:173,(anonymous_36)
FN:177,(anonymous_37)
FN:182,(anonymous_38)
FN:185,(anonymous_39)
FN:191,(anonymous_40)
FN:194,(anonymous_41)
FN:198,(anonymous_42)
FN:203,(anonymous_43)
FN:206,(anonymous_44)
FN:207,(anonymous_45)
FN:228,(anonymous_46)
FN:231,(anonymous_47)
FN:235,(anonymous_48)
FN:240,(anonymous_49)
FN:243,(anonymous_50)
FN:249,(anonymous_51)
FN:252,(anonymous_52)
FN:256,(anonymous_53)
FN:261,(anonymous_54)
FN:264,(anonymous_55)
FN:270,(anonymous_56)
FN:273,(anonymous_57)
FN:277,(anonymous_58)
FN:282,(anonymous_59)
FN:285,(anonymous_60)
FN:291,(anonymous_61)
FN:294,(anonymous_62)
FN:298,(anonymous_63)
FN:303,(anonymous_64)
FN:304,(anonymous_65)
FN:306,(anonymous_66)
FN:312,(anonymous_67)
FN:315,(anonymous_68)
FN:319,(anonymous_69)
FN:324,(anonymous_70)
FN:327,(anonymous_71)
FN:333,(anonymous_72)
FN:336,(anonymous_73)
FN:340,(anonymous_74)
FN:343,(anonymous_75)
FN:346,(anonymous_76)
FN:349,(anonymous_77)
FN:354,(anonymous_78)
FN:357,(anonymous_79)
FN:361,(anonymous_80)
FN:364,(anonymous_81)
FN:367,(anonymous_82)
FN:370,(anonymous_83)
FN:375,(anonymous_84)
FN:378,(anonymous_85)
FN:382,(anonymous_86)
FN:387,(anonymous_87)
FN:388,(anonymous_88)
FN:390,(anonymous_89)
FN:396,(anonymous_90)
FN:399,(anonymous_91)
FN:403,(anonymous_92)
FN:408,(anonymous_93)
FN:411,(anonymous_94)
FN:417,(anonymous_95)
FN:420,(anonymous_96)
FN:424,(anonymous_97)
FN:429,(anonymous_98)
FN:430,(anonymous_99)
FN:430,(anonymous_100)
FN:430,(anonymous_101)
FN:433,(anonymous_102)
FN:436,(anonymous_103)
FN:437,(anonymous_104)
FN:437,(anonymous_105)
FN:442,(anonymous_106)
FN:445,(anonymous_107)
FN:449,(anonymous_108)
FN:454,(anonymous_109)
FN:455,(anonymous_110)
FN:455,(anonymous_111)
FN:457,(anonymous_112)
FN:463,(anonymous_113)
FN:466,(anonymous_114)
FN:470,(anonymous_115)
FN:475,(anonymous_116)
FN:478,(anonymous_117)
FNF:118
FNH:19
FNDA:0,(anonymous_0)
FNDA:0,(anonymous_1)
FNDA:0,(anonymous_2)
FNDA:0,(anonymous_3)
FNDA:0,(anonymous_4)
FNDA:0,(anonymous_5)
FNDA:1,(anonymous_6)
FNDA:0,(anonymous_7)
FNDA:0,(anonymous_8)
FNDA:0,(anonymous_9)
FNDA:0,(anonymous_10)
FNDA:0,(anonymous_11)
FNDA:0,(anonymous_12)
FNDA:1,(anonymous_13)
FNDA:0,(anonymous_14)
FNDA:0,(anonymous_15)
FNDA:0,(anonymous_16)
FNDA:0,(anonymous_17)
FNDA:0,(anonymous_18)
FNDA:0,(anonymous_19)
FNDA:1,(anonymous_20)
FNDA:0,(anonymous_21)
FNDA:0,(anonymous_22)
FNDA:0,(anonymous_23)
FNDA:0,(anonymous_24)
FNDA:1,(anonymous_25)
FNDA:0,(anonymous_26)
FNDA:0,(anonymous_27)
FNDA:0,(anonymous_28)
FNDA:0,(anonymous_29)
FNDA:1,(anonymous_30)
FNDA:0,(anonymous_31)
FNDA:0,(anonymous_32)
FNDA:0,(anonymous_33)
FNDA:0,(anonymous_34)
FNDA:1,(anonymous_35)
FNDA:0,(anonymous_36)
FNDA:0,(anonymous_37)
FNDA:0,(anonymous_38)
FNDA:0,(anonymous_39)
FNDA:1,(anonymous_40)
FNDA:0,(anonymous_41)
FNDA:0,(anonymous_42)
FNDA:0,(anonymous_43)
FNDA:0,(anonymous_44)
FNDA:0,(anonymous_45)
FNDA:1,(anonymous_46)
FNDA:0,(anonymous_47)
FNDA:0,(anonymous_48)
FNDA:0,(anonymous_49)
FNDA:0,(anonymous_50)
FNDA:1,(anonymous_51)
FNDA:0,(anonymous_52)
FNDA:0,(anonymous_53)
FNDA:0,(anonymous_54)
FNDA:0,(anonymous_55)
FNDA:1,(anonymous_56)
FNDA:0,(anonymous_57)
FNDA:0,(anonymous_58)
FNDA:0,(anonymous_59)
FNDA:0,(anonymous_60)
FNDA:1,(anonymous_61)
FNDA:0,(anonymous_62)
FNDA:0,(anonymous_63)
FNDA:0,(anonymous_64)
FNDA:0,(anonymous_65)
FNDA:0,(anonymous_66)
FNDA:1,(anonymous_67)
FNDA:0,(anonymous_68)
FNDA:0,(anonymous_69)
FNDA:0,(anonymous_70)
FNDA:0,(anonymous_71)
FNDA:1,(anonymous_72)
FNDA:0,(anonymous_73)
FNDA:0,(anonymous_74)
FNDA:0,(anonymous_75)
FNDA:0,(anonymous_76)
FNDA:0,(anonymous_77)
FNDA:1,(anonymous_78)
FNDA:0,(anonymous_79)
FNDA:0,(anonymous_80)
FNDA:0,(anonymous_81)
FNDA:0,(anonymous_82)
FNDA:0,(anonymous_83)
FNDA:1,(anonymous_84)
FNDA:0,(anonymous_85)
FNDA:0,(anonymous_86)
FNDA:0,(anonymous_87)
FNDA:0,(anonymous_88)
FNDA:0,(anonymous_89)
FNDA:1,(anonymous_90)
FNDA:0,(anonymous_91)
FNDA:0,(anonymous_92)
FNDA:0,(anonymous_93)
FNDA:0,(anonymous_94)
FNDA:1,(anonymous_95)
FNDA:0,(anonymous_96)
FNDA:0,(anonymous_97)
FNDA:0,(anonymous_98)
FNDA:0,(anonymous_99)
FNDA:0,(anonymous_100)
FNDA:0,(anonymous_101)
FNDA:0,(anonymous_102)
FNDA:0,(anonymous_103)
FNDA:0,(anonymous_104)
FNDA:0,(anonymous_105)
FNDA:1,(anonymous_106)
FNDA:0,(anonymous_107)
FNDA:0,(anonymous_108)
FNDA:0,(anonymous_109)
FNDA:0,(anonymous_110)
FNDA:0,(anonymous_111)
FNDA:0,(anonymous_112)
FNDA:1,(anonymous_113)
FNDA:0,(anonymous_114)
FNDA:0,(anonymous_115)
FNDA:0,(anonymous_116)
FNDA:0,(anonymous_117)
DA:3,1
DA:4,1
DA:5,1
DA:6,1
DA:9,1
DA:13,0
DA:14,0
DA:15,0
DA:16,0
DA:19,0
DA:60,1
DA:62,1
DA:63,0
DA:64,0
DA:66,1
DA:67,0
DA:73,0
DA:76,0
DA:77,0
DA:80,1
DA:82,1
DA:84,1
DA:85,0
DA:86,0
DA:88,1
DA:89,0
DA:95,0
DA:96,0
DA:97,0
DA:98,0
DA:102,0
DA:105,1
DA:107,1
DA:109,1
DA:110,0
DA:111,0
DA:113,1
DA:114,0
DA:120,0
DA:123,0
DA:126,1
DA:128,1
DA:130,1
DA:131,0
DA:132,0
DA:134,1
DA:135,0
DA:141,0
DA:144,0
DA:147,1
DA:149,1
DA:151,1
DA:152,0
DA:153,0
DA:155,1
DA:156,0
DA:162,0
DA:165,0
DA:168,1
DA:170,1
DA:172,1
DA:173,0
DA:174,0
DA:176,1
DA:177,0
DA:183,0
DA:186,0
DA:189,1
DA:191,1
DA:193,1
DA:194,0
DA:195,0
DA:197,1
DA:198,0
DA:204,0
DA:207,0
DA:208,0
DA:209,0
DA:210,0
DA:211,0
DA:212,0
DA:213,0
DA:214,0
DA:215,0
DA:216,0
DA:217,0
DA:218,0
DA:219,0
DA:221,0
DA:226,1
DA:228,1
DA:230,1
DA:231,0
DA:232,0
DA:234,1
DA:235,0
DA:241,0
DA:244,0
DA:247,1
DA:249,1
DA:251,1
DA:252,0
DA:253,0
DA:255,1
DA:256,0
DA:262,0
DA:265,0
DA:268,1
DA:270,1
DA:272,1
DA:273,0
DA:274,0
DA:276,1
DA:277,0
DA:283,0
DA:286,0
DA:289,1
DA:291,1
DA:293,1
DA:294,0
DA:295,0
DA:297,1
DA:298,0
DA:304,0
DA:307,0
DA:310,1
DA:312,1
DA:314,1
DA:315,0
DA:316,0
DA:318,1
DA:319,0
DA:325,0
DA:328,0
DA:331,1
DA:333,1
DA:335,1
DA:337,0
DA:341,0
DA:344,0
DA:347,0
DA:350,0
DA:354,1
DA:356,1
DA:358,0
DA:362,0
DA:365,0
DA:368,0
DA:371,0
DA:375,1
DA:377,1
DA:378,0
DA:379,0
DA:381,1
DA:382,0
DA:388,0
DA:391,0
DA:394,1
DA:396,1
DA:398,1
DA:399,0
DA:400,0
DA:402,1
DA:403,0
DA:409,0
DA:412,0
DA:415,1
DA:417,1
DA:419,1
DA:420,0
DA:421,0
DA:423,1
DA:424,0
DA:430,0
DA:431,0
DA:432,0
DA:433,0
DA:437,0
DA:440,1
DA:442,1
DA:444,1
DA:445,0
DA:446,0
DA:448,1
DA:449,0
DA:455,0
DA:458,0
DA:461,1
DA:463,1
DA:465,1
DA:466,0
DA:467,0
DA:469,1
DA:470,0
DA:476,0
DA:479,0
DA:482,1
LF:197
LH:77
BRDA:60,0,0,1
BRDA:60,0,1,0
BRDA:97,1,0,0
BRDA:82,2,0,1
BRDA:82,2,1,0
BRDA:107,3,0,1
BRDA:107,3,1,0
BRDA:128,4,0,1
BRDA:128,4,1,0
BRDA:149,5,0,1
BRDA:149,5,1,0
BRDA:170,6,0,1
BRDA:170,6,1,0
BRDA:208,7,0,0
BRDA:208,7,1,0
BRDA:210,8,0,0
BRDA:210,8,1,0
BRDA:212,9,0,0
BRDA:212,9,1,0
BRDA:214,10,0,0
BRDA:214,10,1,0
BRDA:216,11,0,0
BRDA:216,11,1,0
BRDA:218,12,0,0
BRDA:218,12,1,0
BRDA:191,13,0,1
BRDA:191,13,1,0
BRDA:228,14,0,1
BRDA:228,14,1,0
BRDA:249,15,0,1
BRDA:249,15,1,0
BRDA:270,16,0,1
BRDA:270,16,1,0
BRDA:291,17,0,1
BRDA:291,17,1,0
BRDA:312,18,0,1
BRDA:312,18,1,0
BRDA:333,19,0,1
BRDA:333,19,1,0
BRDA:354,20,0,1
BRDA:354,20,1,0
BRDA:388,21,0,0
BRDA:388,21,1,0
BRDA:375,22,0,1
BRDA:375,22,1,0
BRDA:396,23,0,1
BRDA:396,23,1,0
BRDA:430,24,0,0
BRDA:430,24,1,0
BRDA:430,25,0,0
BRDA:430,25,1,0
BRDA:431,26,0,0
BRDA:431,26,1,0
BRDA:431,27,0,0
BRDA:431,27,1,0
BRDA:432,28,0,0
BRDA:417,29,0,1
BRDA:417,29,1,0
BRDA:442,30,0,1
BRDA:442,30,1,0
BRDA:463,31,0,1
BRDA:463,31,1,0
BRF:62
BRH:19
end_of_record
TN:
SF:src/shared/MultiplexMessage.ts
FN:7,(anonymous_0)
FN:10,(anonymous_1)
FNF:2
FNH:0
FNDA:0,(anonymous_0)
FNDA:0,(anonymous_1)
DA:3,1
DA:6,1
DA:7,0
DA:9,1
DA:10,0
DA:15,1
LF:6
LH:4
BRDA:7,0,0,0
BRDA:7,1,0,0
BRDA:7,2,0,0
BRDA:7,3,0,0
BRF:4
BRH:0
end_of_record
TN:
SF:src/shared/Query.ts
FN:9,(anonymous_0)
FN:12,(anonymous_1)
FNF:2
FNH:0
FNDA:0,(anonymous_0)
FNDA:0,(anonymous_1)
DA:3,1
DA:4,1
DA:5,1
DA:8,1
DA:9,0
DA:11,1
DA:12,0
DA:17,1
LF:8
LH:6
BRDA:9,0,0,0
BRDA:9,1,0,0
BRDA:9,2,0,0
BRDA:9,3,0,0
BRF:4
BRH:0
end_of_record
TN:
SF:src/shared/SortPart.ts
FN:8,(anonymous_0)
FN:11,(anonymous_1)
FN:19,xListComparatorGet
FN:21,(anonymous_3)
FNF:4
FNH:0
FNDA:0,(anonymous_0)
FNDA:0,(anonymous_1)
FNDA:0,xListComparatorGet
FNDA:0,(anonymous_3)
DA:4,1
DA:7,1
DA:8,0
DA:10,1
DA:11,0
DA:16,1
DA:19,1
DA:20,0
DA:21,0
DA:22,0
DA:23,0
DA:24,0
DA:26,0
LF:13
LH:5
BRDA:8,0,0,0
BRDA:20,1,0,0
BRDA:24,2,0,0
BRDA:24,3,0,0
BRDA:24,3,1,0
BRF:5
BRH:0
end_of_record
TN:
SF:src/shared/UUIDFor.ts
FNF:0
FNH:0
DA:7,1
LF:1
LH:1
BRF:0
BRH:0
end_of_record
TN:
SF:src/shared/dsl.ts
FN:10,startChain
FN:11,(anonymous_1)
FN:11,(anonymous_2)
FN:15,(anonymous_3)
FN:18,(anonymous_4)
FN:19,(anonymous_5)
FN:19,(anonymous_6)
FN:24,xPropChainEq
FN:28,xPropChainNeq
FN:32,xPropChainNe
FN:36,xPropChainInside
FN:40,xPropChainNin
FN:44,xPropChainNotIn
FN:48,xPropChainGt
FN:53,xPropChainLt
FN:58,xPropChainGte
FN:63,xPropChainLte
FN:68,xPropChainAllClear
FN:72,xPropChainAllSet
FN:76,xPropChainAnyClear
FN:81,xPropChainAnySet
FN:85,xPropChainContains
FN:90,xPropChainContainsCased
FN:95,xPropChainAll
FN:100,xPropChainAny
FN:105,xPropChainSizesEquals
FN:110,xPropChainContainsKey
FN:115,xPropChainNotNullGet
FN:115,(anonymous_28)
FN:115,(anonymous_29)
FN:119,xPropChainGet
FN:120,(anonymous_31)
FN:120,(anonymous_32)
FN:124,xPropChainCondition
FN:129,xPropChainModification
FN:134,xPropChainAssign
FN:139,xPropChainCoerceAtMost
FN:144,xPropChainCoerceAtLeast
FN:149,xPropChainPlusNumber
FN:154,xPropChainTimes
FN:159,xPropChainPlusString
FN:164,xPropChainPlusItems
FN:169,xPropChainPlusItem
FN:174,xPropChainAddAll
FN:179,xPropChainAddUnique
FN:184,xPropChainRemoveAll
FN:189,xPropChainRemoveList
FN:194,xPropChainDropLast
FN:199,xPropChainDropFirst
FN:204,xPropChainMap
FN:209,xPropChainMapIf
FN:216,xPropChainPlusMap
FN:221,xPropChainModifyByKey
FN:222,(anonymous_53)
FN:222,(anonymous_54)
FN:226,xPropChainRemoveKeys
FNF:56
FNH:0
FNDA:0,startChain
FNDA:0,(anonymous_1)
FNDA:0,(anonymous_2)
FNDA:0,(anonymous_3)
FNDA:0,(anonymous_4)
FNDA:0,(anonymous_5)
FNDA:0,(anonymous_6)
FNDA:0,xPropChainEq
FNDA:0,xPropChainNeq
FNDA:0,xPropChainNe
FNDA:0,xPropChainInside
FNDA:0,xPropChainNin
FNDA:0,xPropChainNotIn
FNDA:0,xPropChainGt
FNDA:0,xPropChainLt
FNDA:0,xPropChainGte
FNDA:0,xPropChainLte
FNDA:0,xPropChainAllClear
FNDA:0,xPropChainAllSet
FNDA:0,xPropChainAnyClear
FNDA:0,xPropChainAnySet
FNDA:0,xPropChainContains
FNDA:0,xPropChainContainsCased
FNDA:0,xPropChainAll
FNDA:0,xPropChainAny
FNDA:0,xPropChainSizesEquals
FNDA:0,xPropChainContainsKey
FNDA:0,xPropChainNotNullGet
FNDA:0,(anonymous_28)
FNDA:0,(anonymous_29)
FNDA:0,xPropChainGet
FNDA:0,(anonymous_31)
FNDA:0,(anonymous_32)
FNDA:0,xPropChainCondition
FNDA:0,xPropChainModification
FNDA:0,xPropChainAssign
FNDA:0,xPropChainCoerceAtMost
FNDA:0,xPropChainCoerceAtLeast
FNDA:0,xPropChainPlusNumber
FNDA:0,xPropChainTimes
FNDA:0,xPropChainPlusString
FNDA:0,xPropChainPlusItems
FNDA:0,xPropChainPlusItem
FNDA:0,xPropChainAddAll
FNDA:0,xPropChainAddUnique
FNDA:0,xPropChainRemoveAll
FNDA:0,xPropChainRemoveList
FNDA:0,xPropChainDropLast
FNDA:0,xPropChainDropFirst
FNDA:0,xPropChainMap
FNDA:0,xPropChainMapIf
FNDA:0,xPropChainPlusMap
FNDA:0,xPropChainModifyByKey
FNDA:0,(anonymous_53)
FNDA:0,(anonymous_54)
FNDA:0,xPropChainRemoveKeys
DA:3,1
DA:5,1
DA:7,1
DA:10,1
DA:11,0
DA:14,1
DA:15,0
DA:19,0
DA:24,1
DA:25,0
DA:28,1
DA:29,0
DA:32,1
DA:33,0
DA:36,1
DA:37,0
DA:40,1
DA:41,0
DA:44,1
DA:45,0
DA:48,1
DA:49,0
DA:53,1
DA:54,0
DA:58,1
DA:59,0
DA:63,1
DA:64,0
DA:68,1
DA:69,0
DA:72,1
DA:73,0
DA:76,1
DA:77,0
DA:81,1
DA:82,0
DA:85,1
DA:86,0
DA:90,1
DA:91,0
DA:95,1
DA:96,0
DA:100,1
DA:101,0
DA:105,1
DA:106,0
DA:110,1
DA:111,0
DA:115,1
DA:119,1
DA:120,0
DA:124,1
DA:125,0
DA:129,1
DA:130,0
DA:134,1
DA:135,0
DA:139,1
DA:140,0
DA:144,1
DA:145,0
DA:149,1
DA:150,0
DA:154,1
DA:155,0
DA:159,1
DA:160,0
DA:164,1
DA:165,0
DA:169,1
DA:170,0
DA:174,1
DA:175,0
DA:179,1
DA:180,0
DA:184,1
DA:185,0
DA:189,1
DA:190,0
DA:194,1
DA:195,0
DA:199,1
DA:200,0
DA:204,1
DA:205,0
DA:209,1
DA:210,0
DA:216,1
DA:217,0
DA:221,1
DA:222,0
DA:226,1
DA:227,0
LF:93
LH:48
BRF:0
BRH:0
end_of_record
TN:
SF:src/shared/index.ts
FNF:0
FNH:0
DA:1,1
DA:2,1
DA:3,1
DA:4,1
DA:5,1
DA:6,1
DA:7,1
DA:8,1
DA:9,1
DA:10,1
DA:11,1
DA:12,1
DA:13,1
LF:13
LH:13
BRF:0
BRH:0
end_of_record
TN:
SF:src/shared/serialization.ts
FN:7,(anonymous_0)
FN:67,(anonymous_1)
FN:70,(anonymous_2)
FN:73,(anonymous_3)
FN:76,(anonymous_4)
FN:79,(anonymous_5)
FN:82,(anonymous_6)
FN:85,(anonymous_7)
FN:88,(anonymous_8)
FN:91,(anonymous_9)
FN:94,(anonymous_10)
FN:97,(anonymous_11)
FN:100,(anonymous_12)
FN:103,(anonymous_13)
FN:106,(anonymous_14)
FN:109,(anonymous_15)
FN:112,(anonymous_16)
FN:115,(anonymous_17)
FN:118,(anonymous_18)
FN:121,(anonymous_19)
FN:124,(anonymous_20)
FN:127,(anonymous_21)
FN:130,(anonymous_22)
FN:133,(anonymous_23)
FN:136,(anonymous_24)
FN:139,(anonymous_25)
FN:145,(anonymous_26)
FN:193,(anonymous_27)
FN:196,(anonymous_28)
FN:199,(anonymous_29)
FN:202,(anonymous_30)
FN:205,(anonymous_31)
FN:208,(anonymous_32)
FN:211,(anonymous_33)
FN:214,(anonymous_34)
FN:217,(anonymous_35)
FN:220,(anonymous_36)
FN:223,(anonymous_37)
FN:226,(anonymous_38)
FN:229,(anonymous_39)
FN:232,(anonymous_40)
FN:235,(anonymous_41)
FN:238,(anonymous_42)
FN:241,(anonymous_43)
FN:244,(anonymous_44)
FN:250,(anonymous_45)
FN:253,(anonymous_46)
FNF:47
FNH:0
FNDA:0,(anonymous_0)
FNDA:0,(anonymous_1)
FNDA:0,(anonymous_2)
FNDA:0,(anonymous_3)
FNDA:0,(anonymous_4)
FNDA:0,(anonymous_5)
FNDA:0,(anonymous_6)
FNDA:0,(anonymous_7)
FNDA:0,(anonymous_8)
FNDA:0,(anonymous_9)
FNDA:0,(anonymous_10)
FNDA:0,(anonymous_11)
FNDA:0,(anonymous_12)
FNDA:0,(anonymous_13)
FNDA:0,(anonymous_14)
FNDA:0,(anonymous_15)
FNDA:0,(anonymous_16)
FNDA:0,(anonymous_17)
FNDA:0,(anonymous_18)
FNDA:0,(anonymous_19)
FNDA:0,(anonymous_20)
FNDA:0,(anonymous_21)
FNDA:0,(anonymous_22)
FNDA:0,(anonymous_23)
FNDA:0,(anonymous_24)
FNDA:0,(anonymous_25)
FNDA:0,(anonymous_26)
FNDA:0,(anonymous_27)
FNDA:0,(anonymous_28)
FNDA:0,(anonymous_29)
FNDA:0,(anonymous_30)
FNDA:0,(anonymous_31)
FNDA:0,(anonymous_32)
FNDA:0,(anonymous_33)
FNDA:0,(anonymous_34)
FNDA:0,(anonymous_35)
FNDA:0,(anonymous_36)
FNDA:0,(anonymous_37)
FNDA:0,(anonymous_38)
FNDA:0,(anonymous_39)
FNDA:0,(anonymous_40)
FNDA:0,(anonymous_41)
FNDA:0,(anonymous_42)
FNDA:0,(anonymous_43)
FNDA:0,(anonymous_44)
FNDA:0,(anonymous_45)
FNDA:0,(anonymous_46)
DA:1,1
DA:2,1
DA:3,1
DA:5,1
DA:7,1
DA:8,0
DA:9,0
DA:10,0
DA:12,0
DA:14,0
DA:16,0
DA:18,0
DA:20,0
DA:22,0
DA:24,0
DA:26,0
DA:28,0
DA:30,0
DA:32,0
DA:34,0
DA:36,0
DA:38,0
DA:40,0
DA:42,0
DA:44,0
DA:46,0
DA:48,0
DA:50,0
DA:52,0
DA:54,0
DA:56,0
DA:58,0
DA:60,0
DA:61,0
DA:62,0
DA:63,0
DA:67,1
DA:68,0
DA:70,1
DA:71,0
DA:73,1
DA:74,0
DA:76,1
DA:77,0
DA:79,1
DA:80,0
DA:82,1
DA:83,0
DA:85,1
DA:86,0
DA:88,1
DA:89,0
DA:91,1
DA:92,0
DA:94,1
DA:95,0
DA:97,1
DA:98,0
DA:100,1
DA:101,0
DA:103,1
DA:104,0
DA:106,1
DA:107,0
DA:109,1
DA:110,0
DA:112,1
DA:113,0
DA:115,1
DA:116,0
DA:118,1
DA:119,0
DA:121,1
DA:122,0
DA:124,1
DA:125,0
DA:127,1
DA:128,0
DA:130,1
DA:131,0
DA:133,1
DA:134,0
DA:136,1
DA:137,0
DA:139,1
DA:140,0
DA:141,0
DA:142,0
DA:145,1
DA:146,0
DA:147,0
DA:148,0
DA:150,0
DA:152,0
DA:154,0
DA:156,0
DA:158,0
DA:160,0
DA:162,0
DA:164,0
DA:166,0
DA:168,0
DA:170,0
DA:172,0
DA:174,0
DA:176,0
DA:178,0
DA:180,0
DA:182,0
DA:184,0
DA:186,0
DA:187,0
DA:188,0
DA:189,0
DA:193,1
DA:194,0
DA:196,1
DA:197,0
DA:199,1
DA:200,0
DA:202,1
DA:203,0
DA:205,1
DA:206,0
DA:208,1
DA:209,0
DA:211,1
DA:212,0
DA:214,1
DA:215,0
DA:217,1
DA:218,0
DA:220,1
DA:221,0
DA:223,1
DA:224,0
DA:226,1
DA:227,0
DA:229,1
DA:230,0
DA:232,1
DA:233,0
DA:235,1
DA:236,0
DA:238,1
DA:239,0
DA:241,1
DA:242,0
DA:244,1
DA:245,0
DA:246,0
DA:247,0
DA:250,1
DA:251,0
DA:253,1
DA:254,0
DA:255,0
DA:256,0
LF:158
LH:51
BRDA:10,0,0,0
BRDA:10,0,1,0
BRDA:10,0,2,0
BRDA:10,0,3,0
BRDA:10,0,4,0
BRDA:10,0,5,0
BRDA:10,0,6,0
BRDA:10,0,7,0
BRDA:10,0,8,0
BRDA:10,0,9,0
BRDA:10,0,10,0
BRDA:10,0,11,0
BRDA:10,0,12,0
BRDA:10,0,13,0
BRDA:10,0,14,0
BRDA:10,0,15,0
BRDA:10,0,16,0
BRDA:10,0,17,0
BRDA:10,0,18,0
BRDA:10,0,19,0
BRDA:10,0,20,0
BRDA:10,0,21,0
BRDA:10,0,22,0
BRDA:10,0,23,0
BRDA:10,0,24,0
BRDA:148,1,0,0
BRDA:148,1,1,0
BRDA:148,1,2,0
BRDA:148,1,3,0
BRDA:148,1,4,0
BRDA:148,1,5,0
BRDA:148,1,6,0
BRDA:148,1,7,0
BRDA:148,1,8,0
BRDA:148,1,9,0
BRDA:148,1,10,0
BRDA:148,1,11,0
BRDA:148,1,12,0
BRDA:148,1,13,0
BRDA:148,1,14,0
BRDA:148,1,15,0
BRDA:148,1,16,0
BRDA:148,1,17,0
BRDA:148,1,18,0
BRDA:251,2,0,0
BRDA:251,2,1,0
BRDA:255,3,0,0
BRDA:255,3,1,0
BRF:48
BRH:0
end_of_record
